{"meta": {"format": 3, "version": "7.13.5", "timestamp": "2026-03-25T12:20:33.346679", "branch_coverage": false, "show_contexts": false}, "files": {"lingflow/__init__.py": {"executed_lines": [3, 4, 6, 7, 10, 13, 22, 34, 57, 95], "summary": {"covered_lines": 10, "num_statements": 31, "percent_covered": 32.25806451612903, "percent_covered_display": "32", "missing_lines": 21, "excluded_lines": 0, "percent_statements_covered": 32.25806451612903, "percent_statements_covered_display": "32"}, "missing_lines": [19, 20, 32, 46, 48, 51, 53, 54, 55, 74, 77, 79, 80, 81, 86, 87, 90, 91, 93, 104, 105], "excluded_lines": [], "functions": {"LingFlow.__init__": {"executed_lines": [], "summary": {"covered_lines": 0, "num_statements": 2, "percent_covered": 0.0, "percent_covered_display": "0", "missing_lines": 2, "excluded_lines": 0, "percent_statements_covered": 0.0, "percent_statements_covered_display": "0"}, "missing_lines": [19, 20], "excluded_lines": [], "start_line": 13}, "LingFlow.run_skill": {"executed_lines": [], "summary": {"covered_lines": 0, "num_statements": 1, "percent_covered": 0.0, "percent_covered_display": "0", "missing_lines": 1, "excluded_lines": 0, "percent_statements_covered": 0.0, "percent_statements_covered_display": "0"}, "missing_lines": [32], "excluded_lines": [], "start_line": 22}, "LingFlow.run_workflow_file": {"executed_lines": [], "summary": {"covered_lines": 0, "num_statements": 6, "percent_covered": 0.0, "percent_covered_display": "0", "missing_lines": 6, "excluded_lines": 0, "percent_statements_covered": 0.0, "percent_statements_covered_display": "0"}, "missing_lines": [46, 48, 51, 53, 54, 55], "excluded_lines": [], "start_line": 34}, "LingFlow._validate_filepath": {"executed_lines": [], "summary": {"covered_lines": 0, "num_statements": 10, "percent_covered": 0.0, "percent_covered_display": "0", "missing_lines": 10, "excluded_lines": 0, "percent_statements_covered": 0.0, "percent_statements_covered_display": "0"}, "missing_lines": [74, 77, 79, 80, 81, 86, 87, 90, 91, 93], "excluded_lines": [], "start_line": 57}, "LingFlow.run_workflow": {"executed_lines": [], "summary": {"covered_lines": 0, "num_statements": 2, "percent_covered": 0.0, "percent_covered_display": "0", "missing_lines": 2, "excluded_lines": 0, "percent_statements_covered": 0.0, "percent_statements_covered_display": "0"}, "missing_lines": [104, 105], "excluded_lines": [], "start_line": 95}, "": {"executed_lines": [3, 4, 6, 7, 10, 13, 22, 34, 57, 95], "summary": {"covered_lines": 10, "num_statements": 10, "percent_covered": 100.0, "percent_covered_display": "100", "missing_lines": 0, "excluded_lines": 0, "percent_statements_covered": 100.0, "percent_statements_covered_display": "100"}, "missing_lines": [], "excluded_lines": [], "start_line": 1}}, "classes": {"LingFlow": {"executed_lines": [], "summary": {"covered_lines": 0, "num_statements": 21, "percent_covered": 0.0, "percent_covered_display": "0", "missing_lines": 21, "excluded_lines": 0, "percent_statements_covered": 0.0, "percent_statements_covered_display": "0"}, "missing_lines": [19, 20, 32, 46, 48, 51, 53, 54, 55, 74, 77, 79, 80, 81, 86, 87, 90, 91, 93, 104, 105], "excluded_lines": [], "start_line": 10}, "": {"executed_lines": [3, 4, 6, 7, 10, 13, 22, 34, 57, 95], "summary": {"covered_lines": 10, "num_statements": 10, "percent_covered": 100.0, "percent_covered_display": "100", "missing_lines": 0, "excluded_lines": 0, "percent_statements_covered": 100.0, "percent_statements_covered_display": "100"}, "missing_lines": [], "excluded_lines": [], "start_line": 1}}}, "lingflow/cli.py": {"executed_lines": [], "summary": {"covered_lines": 0, "num_statements": 37, "percent_covered": 0.0, "percent_covered_display": "0", "missing_lines": 37, "excluded_lines": 0, "percent_statements_covered": 0.0, "percent_statements_covered_display": "0"}, "missing_lines": [2, 4, 6, 8, 11, 12, 13, 16, 17, 18, 19, 21, 22, 24, 25, 26, 27, 28, 29, 30, 31, 32, 34, 35, 36, 39, 40, 41, 43, 44, 47, 48, 50, 51, 52, 55, 56], "excluded_lines": [], "functions": {"cli": {"executed_lines": [], "summary": {"covered_lines": 0, "num_statements": 1, "percent_covered": 0.0, "percent_covered_display": "0", "missing_lines": 1, "excluded_lines": 0, "percent_statements_covered": 0.0, "percent_statements_covered_display": "0"}, "missing_lines": [13], "excluded_lines": [], "start_line": 12}, "run": {"executed_lines": [], "summary": {"covered_lines": 0, "num_statements": 14, "percent_covered": 0.0, "percent_covered_display": "0", "missing_lines": 14, "excluded_lines": 0, "percent_statements_covered": 0.0, "percent_statements_covered_display": "0"}, "missing_lines": [21, 22, 24, 25, 26, 27, 28, 29, 30, 31, 32, 34, 35, 36], "excluded_lines": [], "start_line": 19}, "workflow": {"executed_lines": [], "summary": {"covered_lines": 0, "num_statements": 2, "percent_covered": 0.0, "percent_covered_display": "0", "missing_lines": 2, "excluded_lines": 0, "percent_statements_covered": 0.0, "percent_statements_covered_display": "0"}, "missing_lines": [43, 44], "excluded_lines": [], "start_line": 41}, "list_skills": {"executed_lines": [], "summary": {"covered_lines": 0, "num_statements": 3, "percent_covered": 0.0, "percent_covered_display": "0", "missing_lines": 3, "excluded_lines": 0, "percent_statements_covered": 0.0, "percent_statements_covered_display": "0"}, "missing_lines": [50, 51, 52], "excluded_lines": [], "start_line": 48}, "": {"executed_lines": [], "summary": {"covered_lines": 0, "num_statements": 17, "percent_covered": 0.0, "percent_covered_display": "0", "missing_lines": 17, "excluded_lines": 0, "percent_statements_covered": 0.0, "percent_statements_covered_display": "0"}, "missing_lines": [2, 4, 6, 8, 11, 12, 16, 17, 18, 19, 39, 40, 41, 47, 48, 55, 56], "excluded_lines": [], "start_line": 1}}, "classes": {"": {"executed_lines": [], "summary": {"covered_lines": 0, "num_statements": 37, "percent_covered": 0.0, "percent_covered_display": "0", "missing_lines": 37, "excluded_lines": 0, "percent_statements_covered": 0.0, "percent_statements_covered_display": "0"}, "missing_lines": [2, 4, 6, 8, 11, 12, 13, 16, 17, 18, 19, 21, 22, 24, 25, 26, 27, 28, 29, 30, 31, 32, 34, 35, 36, 39, 40, 41, 43, 44, 47, 48, 50, 51, 52, 55, 56], "excluded_lines": [], "start_line": 1}}}, "lingflow/code_review/__init__.py": {"executed_lines": [7, 8, 9, 10, 11, 13], "summary": {"covered_lines": 6, "num_statements": 6, "percent_covered": 100.0, "percent_covered_display": "100", "missing_lines": 0, "excluded_lines": 0, "percent_statements_covered": 100.0, "percent_statements_covered_display": "100"}, "missing_lines": [], "excluded_lines": [], "functions": {"": {"executed_lines": [7, 8, 9, 10, 11, 13], "summary": {"covered_lines": 6, "num_statements": 6, "percent_covered": 100.0, "percent_covered_display": "100", "missing_lines": 0, "excluded_lines": 0, "percent_statements_covered": 100.0, "percent_statements_covered_display": "100"}, "missing_lines": [], "excluded_lines": [], "start_line": 1}}, "classes": {"": {"executed_lines": [7, 8, 9, 10, 11, 13], "summary": {"covered_lines": 6, "num_statements": 6, "percent_covered": 100.0, "percent_covered_display": "100", "missing_lines": 0, "excluded_lines": 0, "percent_statements_covered": 100.0, "percent_statements_covered_display": "100"}, "missing_lines": [], "excluded_lines": [], "start_line": 1}}}, "lingflow/code_review/core/base_reviewer.py": {"executed_lines": [8, 9, 10, 11, 12, 13, 15, 16, 17, 19, 22, 24, 27, 29, 32, 54, 62, 72, 73, 74, 76, 77, 78, 82, 84, 85, 105, 125, 127, 128, 134, 142, 159, 160, 161, 162, 163, 164, 165, 170, 173, 175, 177, 179, 192, 193, 194, 197, 201, 202, 203, 204, 207, 210, 212, 213, 214, 216, 218, 229, 230, 231, 233, 253, 264, 276, 287, 299, 300, 301, 302, 311, 318, 320, 330, 336, 338, 349, 351, 352, 353, 356, 360, 371, 372, 373, 375, 380, 384, 391, 393, 413, 415, 423, 424, 426, 433, 435, 442], "summary": {"covered_lines": 99, "num_statements": 107, "percent_covered": 92.5233644859813, "percent_covered_display": "93", "missing_lines": 8, "excluded_lines": 1, "percent_statements_covered": 92.5233644859813, "percent_statements_covered_display": "93"}, "missing_lines": [79, 80, 103, 135, 166, 167, 198, 312], "excluded_lines": [33], "functions": {"BaseCodeReviewer.__init__": {"executed_lines": [72, 73, 74, 76, 77, 78, 82], "summary": {"covered_lines": 7, "num_statements": 9, "percent_covered": 77.77777777777777, "percent_covered_display": "78", "missing_lines": 2, "excluded_lines": 0, "percent_statements_covered": 77.77777777777777, "percent_statements_covered_display": "78"}, "missing_lines": [79, 80], "excluded_lines": [], "start_line": 62}, "BaseCodeReviewer.review": {"executed_lines": [], "summary": {"covered_lines": 0, "num_statements": 1, "percent_covered": 0.0, "percent_covered_display": "0", "missing_lines": 1, "excluded_lines": 0, "percent_statements_covered": 0.0, "percent_statements_covered_display": "0"}, "missing_lines": [103], "excluded_lines": [], "start_line": 85}, "BaseCodeReviewer.review_directory": {"executed_lines": [125, 127, 128, 134, 142, 159, 160, 161, 162, 163, 164, 165, 170, 173, 175, 177], "summary": {"covered_lines": 16, "num_statements": 19, "percent_covered": 84.21052631578948, "percent_covered_display": "84", "missing_lines": 3, "excluded_lines": 0, "percent_statements_covered": 84.21052631578948, "percent_statements_covered_display": "84"}, "missing_lines": [135, 166, 167], "excluded_lines": [], "start_line": 105}, "BaseCodeReviewer.review_file": {"executed_lines": [192, 193, 194, 197, 201, 202, 203, 204, 207, 210, 212, 213, 214, 216], "summary": {"covered_lines": 14, "num_statements": 15, "percent_covered": 93.33333333333333, "percent_covered_display": "93", "missing_lines": 1, "excluded_lines": 0, "percent_statements_covered": 93.33333333333333, "percent_statements_covered_display": "93"}, "missing_lines": [198], "excluded_lines": [], "start_line": 179}, "BaseCodeReviewer._create_syntax_error_result": {"executed_lines": [229, 230, 231, 233], "summary": {"covered_lines": 4, "num_statements": 4, "percent_covered": 100.0, "percent_covered_display": "100", "missing_lines": 0, "excluded_lines": 0, "percent_statements_covered": 100.0, "percent_statements_covered_display": "100"}, "missing_lines": [], "excluded_lines": [], "start_line": 218}, "BaseCodeReviewer._create_error_result": {"executed_lines": [264], "summary": {"covered_lines": 1, "num_statements": 1, "percent_covered": 100.0, "percent_covered_display": "100", "missing_lines": 0, "excluded_lines": 0, "percent_statements_covered": 100.0, "percent_statements_covered_display": "100"}, "missing_lines": [], "excluded_lines": [], "start_line": 253}, "BaseCodeReviewer._organize_results": {"executed_lines": [287, 299, 300, 301, 302, 311, 318], "summary": {"covered_lines": 7, "num_statements": 8, "percent_covered": 87.5, "percent_covered_display": "88", "missing_lines": 1, "excluded_lines": 0, "percent_statements_covered": 87.5, "percent_statements_covered_display": "88"}, "missing_lines": [312], "excluded_lines": [], "start_line": 276}, "BaseCodeReviewer._map_category_to_dimension": {"executed_lines": [330, 336], "summary": {"covered_lines": 2, "num_statements": 2, "percent_covered": 100.0, "percent_covered_display": "100", "missing_lines": 0, "excluded_lines": 0, "percent_statements_covered": 100.0, "percent_statements_covered_display": "100"}, "missing_lines": [], "excluded_lines": [], "start_line": 320}, "BaseCodeReviewer._merge_results": {"executed_lines": [349, 351, 352, 353, 356], "summary": {"covered_lines": 5, "num_statements": 5, "percent_covered": 100.0, "percent_covered_display": "100", "missing_lines": 0, "excluded_lines": 0, "percent_statements_covered": 100.0, "percent_statements_covered_display": "100"}, "missing_lines": [], "excluded_lines": [], "start_line": 338}, "BaseCodeReviewer._generate_summary": {"executed_lines": [371, 372, 373, 375, 380], "summary": {"covered_lines": 5, "num_statements": 5, "percent_covered": 100.0, "percent_covered_display": "100", "missing_lines": 0, "excluded_lines": 0, "percent_statements_covered": 100.0, "percent_statements_covered_display": "100"}, "missing_lines": [], "excluded_lines": [], "start_line": 360}, "BaseCodeReviewer.get_rule_engine": {"executed_lines": [391], "summary": {"covered_lines": 1, "num_statements": 1, "percent_covered": 100.0, "percent_covered_display": "100", "missing_lines": 0, "excluded_lines": 0, "percent_statements_covered": 100.0, "percent_statements_covered_display": "100"}, "missing_lines": [], "excluded_lines": [], "start_line": 384}, "BaseCodeReviewer.add_custom_rule": {"executed_lines": [413, 415, 423, 424], "summary": {"covered_lines": 4, "num_statements": 4, "percent_covered": 100.0, "percent_covered_display": "100", "missing_lines": 0, "excluded_lines": 0, "percent_statements_covered": 100.0, "percent_statements_covered_display": "100"}, "missing_lines": [], "excluded_lines": [], "start_line": 393}, "BaseCodeReviewer.enable_rule": {"executed_lines": [433], "summary": {"covered_lines": 1, "num_statements": 1, "percent_covered": 100.0, "percent_covered_display": "100", "missing_lines": 0, "excluded_lines": 0, "percent_statements_covered": 100.0, "percent_statements_covered_display": "100"}, "missing_lines": [], "excluded_lines": [], "start_line": 426}, "BaseCodeReviewer.disable_rule": {"executed_lines": [442], "summary": {"covered_lines": 1, "num_statements": 1, "percent_covered": 100.0, "percent_covered_display": "100", "missing_lines": 0, "excluded_lines": 0, "percent_statements_covered": 100.0, "percent_statements_covered_display": "100"}, "missing_lines": [], "excluded_lines": [], "start_line": 435}, "": {"executed_lines": [8, 9, 10, 11, 12, 13, 15, 16, 17, 19, 22, 24, 27, 29, 32, 54, 62, 84, 85, 105, 179, 218, 253, 276, 320, 338, 360, 384, 393, 426, 435], "summary": {"covered_lines": 31, "num_statements": 31, "percent_covered": 100.0, "percent_covered_display": "100", "missing_lines": 0, "excluded_lines": 1, "percent_statements_covered": 100.0, "percent_statements_covered_display": "100"}, "missing_lines": [], "excluded_lines": [33], "start_line": 1}}, "classes": {"ReviewerError": {"executed_lines": [], "summary": {"covered_lines": 0, "num_statements": 0, "percent_covered": 100.0, "percent_covered_display": "100", "missing_lines": 0, "excluded_lines": 0, "percent_statements_covered": 100.0, "percent_statements_covered_display": "100"}, "missing_lines": [], "excluded_lines": [], "start_line": 22}, "FileNotFoundError": {"executed_lines": [], "summary": {"covered_lines": 0, "num_statements": 0, "percent_covered": 100.0, "percent_covered_display": "100", "missing_lines": 0, "excluded_lines": 0, "percent_statements_covered": 100.0, "percent_statements_covered_display": "100"}, "missing_lines": [], "excluded_lines": [], "start_line": 27}, "BaseCodeReviewer": {"executed_lines": [72, 73, 74, 76, 77, 78, 82, 125, 127, 128, 134, 142, 159, 160, 161, 162, 163, 164, 165, 170, 173, 175, 177, 192, 193, 194, 197, 201, 202, 203, 204, 207, 210, 212, 213, 214, 216, 229, 230, 231, 233, 264, 287, 299, 300, 301, 302, 311, 318, 330, 336, 349, 351, 352, 353, 356, 371, 372, 373, 375, 380, 391, 413, 415, 423, 424, 433, 442], "summary": {"covered_lines": 68, "num_statements": 76, "percent_covered": 89.47368421052632, "percent_covered_display": "89", "missing_lines": 8, "excluded_lines": 0, "percent_statements_covered": 89.47368421052632, "percent_statements_covered_display": "89"}, "missing_lines": [79, 80, 103, 135, 166, 167, 198, 312], "excluded_lines": [], "start_line": 32}, "": {"executed_lines": [8, 9, 10, 11, 12, 13, 15, 16, 17, 19, 22, 24, 27, 29, 32, 54, 62, 84, 85, 105, 179, 218, 253, 276, 320, 338, 360, 384, 393, 426, 435], "summary": {"covered_lines": 31, "num_statements": 31, "percent_covered": 100.0, "percent_covered_display": "100", "missing_lines": 0, "excluded_lines": 1, "percent_statements_covered": 100.0, "percent_statements_covered_display": "100"}, "missing_lines": [], "excluded_lines": [33], "start_line": 1}}}, "lingflow/code_review/core/reporter.py": {"executed_lines": [5, 6, 7, 8, 11, 18, 27, 44, 67, 71, 96, 107], "summary": {"covered_lines": 12, "num_statements": 57, "percent_covered": 21.05263157894737, "percent_covered_display": "21", "missing_lines": 45, "excluded_lines": 0, "percent_statements_covered": 21.05263157894737, "percent_statements_covered_display": "21"}, "missing_lines": [25, 37, 38, 39, 40, 42, 46, 47, 48, 49, 51, 52, 53, 55, 56, 57, 58, 59, 60, 62, 63, 65, 69, 73, 74, 76, 77, 78, 80, 81, 82, 83, 84, 85, 87, 88, 89, 90, 91, 92, 94, 104, 105, 117, 118], "excluded_lines": [], "functions": {"ReportGenerator.__init__": {"executed_lines": [], "summary": {"covered_lines": 0, "num_statements": 1, "percent_covered": 0.0, "percent_covered_display": "0", "missing_lines": 1, "excluded_lines": 0, "percent_statements_covered": 0.0, "percent_statements_covered_display": "0"}, "missing_lines": [25], "excluded_lines": [], "start_line": 18}, "ReportGenerator.generate": {"executed_lines": [], "summary": {"covered_lines": 0, "num_statements": 5, "percent_covered": 0.0, "percent_covered_display": "0", "missing_lines": 5, "excluded_lines": 0, "percent_statements_covered": 0.0, "percent_statements_covered_display": "0"}, "missing_lines": [37, 38, 39, 40, 42], "excluded_lines": [], "start_line": 27}, "ReportGenerator._generate_text": {"executed_lines": [], "summary": {"covered_lines": 0, "num_statements": 16, "percent_covered": 0.0, "percent_covered_display": "0", "missing_lines": 16, "excluded_lines": 0, "percent_statements_covered": 0.0, "percent_statements_covered_display": "0"}, "missing_lines": [46, 47, 48, 49, 51, 52, 53, 55, 56, 57, 58, 59, 60, 62, 63, 65], "excluded_lines": [], "start_line": 44}, "ReportGenerator._generate_json": {"executed_lines": [], "summary": {"covered_lines": 0, "num_statements": 1, "percent_covered": 0.0, "percent_covered_display": "0", "missing_lines": 1, "excluded_lines": 0, "percent_statements_covered": 0.0, "percent_statements_covered_display": "0"}, "missing_lines": [69], "excluded_lines": [], "start_line": 67}, "ReportGenerator._generate_markdown": {"executed_lines": [], "summary": {"covered_lines": 0, "num_statements": 18, "percent_covered": 0.0, "percent_covered_display": "0", "missing_lines": 18, "excluded_lines": 0, "percent_statements_covered": 0.0, "percent_statements_covered_display": "0"}, "missing_lines": [73, 74, 76, 77, 78, 80, 81, 82, 83, 84, 85, 87, 88, 89, 90, 91, 92, 94], "excluded_lines": [], "start_line": 71}, "ReportGenerator.save_to_file": {"executed_lines": [], "summary": {"covered_lines": 0, "num_statements": 2, "percent_covered": 0.0, "percent_covered_display": "0", "missing_lines": 2, "excluded_lines": 0, "percent_statements_covered": 0.0, "percent_statements_covered_display": "0"}, "missing_lines": [104, 105], "excluded_lines": [], "start_line": 96}, "ReportGenerator.generate_filename": {"executed_lines": [], "summary": {"covered_lines": 0, "num_statements": 2, "percent_covered": 0.0, "percent_covered_display": "0", "missing_lines": 2, "excluded_lines": 0, "percent_statements_covered": 0.0, "percent_statements_covered_display": "0"}, "missing_lines": [117, 118], "excluded_lines": [], "start_line": 107}, "": {"executed_lines": [5, 6, 7, 8, 11, 18, 27, 44, 67, 71, 96, 107], "summary": {"covered_lines": 12, "num_statements": 12, "percent_covered": 100.0, "percent_covered_display": "100", "missing_lines": 0, "excluded_lines": 0, "percent_statements_covered": 100.0, "percent_statements_covered_display": "100"}, "missing_lines": [], "excluded_lines": [], "start_line": 1}}, "classes": {"ReportGenerator": {"executed_lines": [], "summary": {"covered_lines": 0, "num_statements": 45, "percent_covered": 0.0, "percent_covered_display": "0", "missing_lines": 45, "excluded_lines": 0, "percent_statements_covered": 0.0, "percent_statements_covered_display": "0"}, "missing_lines": [25, 37, 38, 39, 40, 42, 46, 47, 48, 49, 51, 52, 53, 55, 56, 57, 58, 59, 60, 62, 63, 65, 69, 73, 74, 76, 77, 78, 80, 81, 82, 83, 84, 85, 87, 88, 89, 90, 91, 92, 94, 104, 105, 117, 118], "excluded_lines": [], "start_line": 11}, "": {"executed_lines": [5, 6, 7, 8, 11, 18, 27, 44, 67, 71, 96, 107], "summary": {"covered_lines": 12, "num_statements": 12, "percent_covered": 100.0, "percent_covered_display": "100", "missing_lines": 0, "excluded_lines": 0, "percent_statements_covered": 100.0, "percent_statements_covered_display": "100"}, "missing_lines": [], "excluded_lines": [], "start_line": 1}}}, "lingflow/code_review/core/rule_engine.py": {"executed_lines": [8, 9, 10, 11, 12, 13, 14, 16, 19, 20, 46, 47, 48, 49, 50, 51, 52, 54, 56, 57, 58, 59, 61, 68, 71, 73, 76, 78, 81, 83, 86, 102, 105, 108, 111, 113, 115, 116, 117, 122, 135, 230, 231, 232, 236, 246, 249, 250, 252, 262, 263, 264, 265, 266, 268, 278, 280, 290, 291, 292, 293, 295, 308, 309, 310, 311, 312, 314, 327, 328, 329, 330, 331, 333, 359, 361, 363, 364, 367, 368, 370, 371, 372, 373, 389, 393, 394, 409, 410, 412, 413, 415, 416, 417, 419, 420, 435, 436, 438, 439, 441, 442, 443, 445, 446, 461, 470, 471, 473, 474, 477, 478, 481, 484, 485, 487, 488, 490, 491, 493, 494, 508, 514, 515, 516, 517, 519, 520, 534, 537, 538, 540, 541, 544, 546, 547, 548, 549, 550, 551, 552, 554, 556, 557, 558, 559, 561, 562, 579, 580, 594, 596, 598, 599, 600, 601, 603, 604, 606, 607, 609, 610, 611, 612, 614, 615, 629, 630, 631, 632, 633, 635, 636, 637, 639, 640, 654, 655, 657, 658, 659, 660, 661, 663, 664, 665, 666, 668, 669, 679, 681, 682, 683, 684, 686, 689, 691, 692, 710, 713, 729, 730, 731, 732, 733, 735, 736, 737, 739, 740, 749, 750, 753, 756, 757, 758, 760, 761, 771, 773, 774, 776, 779, 783, 784, 786, 787, 788, 789, 791, 792, 806, 808, 809, 810, 811, 812, 813, 815, 816, 830, 832, 835, 836, 837], "summary": {"covered_lines": 245, "num_statements": 271, "percent_covered": 90.4059040590406, "percent_covered_display": "90", "missing_lines": 26, "excluded_lines": 0, "percent_statements_covered": 90.4059040590406, "percent_statements_covered_display": "90"}, "missing_lines": [118, 119, 120, 233, 234, 247, 382, 383, 384, 385, 386, 387, 482, 489, 572, 573, 574, 575, 576, 577, 685, 687, 751, 754, 777, 780], "excluded_lines": [], "functions": {"Rule.__post_init__": {"executed_lines": [56, 57, 58, 59], "summary": {"covered_lines": 4, "num_statements": 4, "percent_covered": 100.0, "percent_covered_display": "100", "missing_lines": 0, "excluded_lines": 0, "percent_statements_covered": 100.0, "percent_statements_covered_display": "100"}, "missing_lines": [], "excluded_lines": [], "start_line": 54}, "Rule.validate": {"executed_lines": [68], "summary": {"covered_lines": 1, "num_statements": 1, "percent_covered": 100.0, "percent_covered_display": "100", "missing_lines": 0, "excluded_lines": 0, "percent_statements_covered": 100.0, "percent_statements_covered_display": "100"}, "missing_lines": [], "excluded_lines": [], "start_line": 61}, "RuleEngine.__init__": {"executed_lines": [115, 116, 117], "summary": {"covered_lines": 3, "num_statements": 6, "percent_covered": 50.0, "percent_covered_display": "50", "missing_lines": 3, "excluded_lines": 0, "percent_statements_covered": 50.0, "percent_statements_covered_display": "50"}, "missing_lines": [118, 119, 120], "excluded_lines": [], "start_line": 113}, "RuleEngine._register_default_rules": {"executed_lines": [135, 230, 231, 232], "summary": {"covered_lines": 4, "num_statements": 6, "percent_covered": 66.66666666666667, "percent_covered_display": "67", "missing_lines": 2, "excluded_lines": 0, "percent_statements_covered": 66.66666666666667, "percent_statements_covered_display": "67"}, "missing_lines": [233, 234], "excluded_lines": [], "start_line": 122}, "RuleEngine.register_rule": {"executed_lines": [246, 249, 250], "summary": {"covered_lines": 3, "num_statements": 4, "percent_covered": 75.0, "percent_covered_display": "75", "missing_lines": 1, "excluded_lines": 0, "percent_statements_covered": 75.0, "percent_statements_covered_display": "75"}, "missing_lines": [247], "excluded_lines": [], "start_line": 236}, "RuleEngine.unregister_rule": {"executed_lines": [262, 263, 264, 265, 266], "summary": {"covered_lines": 5, "num_statements": 5, "percent_covered": 100.0, "percent_covered_display": "100", "missing_lines": 0, "excluded_lines": 0, "percent_statements_covered": 100.0, "percent_statements_covered_display": "100"}, "missing_lines": [], "excluded_lines": [], "start_line": 252}, "RuleEngine.get_rule": {"executed_lines": [278], "summary": {"covered_lines": 1, "num_statements": 1, "percent_covered": 100.0, "percent_covered_display": "100", "missing_lines": 0, "excluded_lines": 0, "percent_statements_covered": 100.0, "percent_statements_covered_display": "100"}, "missing_lines": [], "excluded_lines": [], "start_line": 268}, "RuleEngine.list_rules": {"executed_lines": [290, 291, 292, 293], "summary": {"covered_lines": 4, "num_statements": 4, "percent_covered": 100.0, "percent_covered_display": "100", "missing_lines": 0, "excluded_lines": 0, "percent_statements_covered": 100.0, "percent_statements_covered_display": "100"}, "missing_lines": [], "excluded_lines": [], "start_line": 280}, "RuleEngine.enable_rule": {"executed_lines": [308, 309, 310, 311, 312], "summary": {"covered_lines": 5, "num_statements": 5, "percent_covered": 100.0, "percent_covered_display": "100", "missing_lines": 0, "excluded_lines": 0, "percent_statements_covered": 100.0, "percent_statements_covered_display": "100"}, "missing_lines": [], "excluded_lines": [], "start_line": 295}, "RuleEngine.disable_rule": {"executed_lines": [327, 328, 329, 330, 331], "summary": {"covered_lines": 5, "num_statements": 5, "percent_covered": 100.0, "percent_covered_display": "100", "missing_lines": 0, "excluded_lines": 0, "percent_statements_covered": 100.0, "percent_statements_covered_display": "100"}, "missing_lines": [], "excluded_lines": [], "start_line": 314}, "RuleEngine.run_rules": {"executed_lines": [359, 361, 363, 364, 367, 368, 370, 371, 372, 373, 389], "summary": {"covered_lines": 11, "num_statements": 17, "percent_covered": 64.70588235294117, "percent_covered_display": "65", "missing_lines": 6, "excluded_lines": 0, "percent_statements_covered": 64.70588235294117, "percent_statements_covered_display": "65"}, "missing_lines": [382, 383, 384, 385, 386, 387], "excluded_lines": [], "start_line": 333}, "RuleEngine._check_eval_usage": {"executed_lines": [409, 410, 412, 413, 415, 416, 417], "summary": {"covered_lines": 7, "num_statements": 7, "percent_covered": 100.0, "percent_covered_display": "100", "missing_lines": 0, "excluded_lines": 0, "percent_statements_covered": 100.0, "percent_statements_covered_display": "100"}, "missing_lines": [], "excluded_lines": [], "start_line": 394}, "RuleEngine._check_exec_usage": {"executed_lines": [435, 436, 438, 439, 441, 442, 443], "summary": {"covered_lines": 7, "num_statements": 7, "percent_covered": 100.0, "percent_covered_display": "100", "missing_lines": 0, "excluded_lines": 0, "percent_statements_covered": 100.0, "percent_statements_covered_display": "100"}, "missing_lines": [], "excluded_lines": [], "start_line": 420}, "RuleEngine._check_hardcoded_secrets": {"executed_lines": [461, 470, 471, 473, 474, 477, 478, 481, 484, 485, 487, 488, 490, 491], "summary": {"covered_lines": 14, "num_statements": 16, "percent_covered": 87.5, "percent_covered_display": "88", "missing_lines": 2, "excluded_lines": 0, "percent_statements_covered": 87.5, "percent_statements_covered_display": "88"}, "missing_lines": [482, 489], "excluded_lines": [], "start_line": 446}, "RuleEngine._check_sql_injection": {"executed_lines": [508, 514, 515, 516, 517], "summary": {"covered_lines": 5, "num_statements": 5, "percent_covered": 100.0, "percent_covered_display": "100", "missing_lines": 0, "excluded_lines": 0, "percent_statements_covered": 100.0, "percent_statements_covered_display": "100"}, "missing_lines": [], "excluded_lines": [], "start_line": 494}, "RuleEngine._check_nested_loops": {"executed_lines": [534, 537, 538, 540, 541, 544, 546, 547, 548, 549, 550, 551, 552, 554, 556, 557, 558, 559], "summary": {"covered_lines": 18, "num_statements": 18, "percent_covered": 100.0, "percent_covered_display": "100", "missing_lines": 0, "excluded_lines": 0, "percent_statements_covered": 100.0, "percent_statements_covered_display": "100"}, "missing_lines": [], "excluded_lines": [], "start_line": 520}, "RuleEngine._count_loop_depth": {"executed_lines": [], "summary": {"covered_lines": 0, "num_statements": 6, "percent_covered": 0.0, "percent_covered_display": "0", "missing_lines": 6, "excluded_lines": 0, "percent_statements_covered": 0.0, "percent_statements_covered_display": "0"}, "missing_lines": [572, 573, 574, 575, 576, 577], "excluded_lines": [], "start_line": 562}, "RuleEngine._check_string_concatenation": {"executed_lines": [594, 596, 598, 599, 600, 601, 603, 604, 606, 607, 609, 610, 611, 612], "summary": {"covered_lines": 14, "num_statements": 14, "percent_covered": 100.0, "percent_covered_display": "100", "missing_lines": 0, "excluded_lines": 0, "percent_statements_covered": 100.0, "percent_statements_covered_display": "100"}, "missing_lines": [], "excluded_lines": [], "start_line": 580}, "RuleEngine._check_global_lookup": {"executed_lines": [629, 630, 631, 632, 633, 635, 636, 637], "summary": {"covered_lines": 8, "num_statements": 8, "percent_covered": 100.0, "percent_covered_display": "100", "missing_lines": 0, "excluded_lines": 0, "percent_statements_covered": 100.0, "percent_statements_covered_display": "100"}, "missing_lines": [], "excluded_lines": [], "start_line": 615}, "RuleEngine._check_high_complexity": {"executed_lines": [654, 655, 657, 658, 659, 660, 661, 663, 664, 665, 666], "summary": {"covered_lines": 11, "num_statements": 11, "percent_covered": 100.0, "percent_covered_display": "100", "missing_lines": 0, "excluded_lines": 0, "percent_statements_covered": 100.0, "percent_statements_covered_display": "100"}, "missing_lines": [], "excluded_lines": [], "start_line": 640}, "RuleEngine._calculate_complexity": {"executed_lines": [679, 681, 682, 683, 684, 686, 689], "summary": {"covered_lines": 7, "num_statements": 9, "percent_covered": 77.77777777777777, "percent_covered_display": "78", "missing_lines": 2, "excluded_lines": 0, "percent_statements_covered": 77.77777777777777, "percent_statements_covered_display": "78"}, "missing_lines": [685, 687], "excluded_lines": [], "start_line": 669}, "RuleEngine._check_naming_convention": {"executed_lines": [710, 713, 729, 730, 731, 732, 733, 735, 736, 737], "summary": {"covered_lines": 10, "num_statements": 10, "percent_covered": 100.0, "percent_covered_display": "100", "missing_lines": 0, "excluded_lines": 0, "percent_statements_covered": 100.0, "percent_statements_covered_display": "100"}, "missing_lines": [], "excluded_lines": [], "start_line": 692}, "RuleEngine._check_class_naming": {"executed_lines": [749, 750, 753, 756, 757, 758], "summary": {"covered_lines": 6, "num_statements": 8, "percent_covered": 75.0, "percent_covered_display": "75", "missing_lines": 2, "excluded_lines": 0, "percent_statements_covered": 75.0, "percent_statements_covered_display": "75"}, "missing_lines": [751, 754], "excluded_lines": [], "start_line": 740}, "RuleEngine._check_function_naming": {"executed_lines": [771, 773, 774, 776, 779, 783, 784, 786, 787, 788, 789], "summary": {"covered_lines": 11, "num_statements": 13, "percent_covered": 84.61538461538461, "percent_covered_display": "85", "missing_lines": 2, "excluded_lines": 0, "percent_statements_covered": 84.61538461538461, "percent_statements_covered_display": "85"}, "missing_lines": [777, 780], "excluded_lines": [], "start_line": 761}, "RuleEngine._check_class_methods": {"executed_lines": [806, 808, 809, 810, 811, 812, 813], "summary": {"covered_lines": 7, "num_statements": 7, "percent_covered": 100.0, "percent_covered_display": "100", "missing_lines": 0, "excluded_lines": 0, "percent_statements_covered": 100.0, "percent_statements_covered_display": "100"}, "missing_lines": [], "excluded_lines": [], "start_line": 792}, "RuleEngine._check_import_count": {"executed_lines": [830, 832, 835, 836, 837], "summary": {"covered_lines": 5, "num_statements": 5, "percent_covered": 100.0, "percent_covered_display": "100", "missing_lines": 0, "excluded_lines": 0, "percent_statements_covered": 100.0, "percent_statements_covered_display": "100"}, "missing_lines": [], "excluded_lines": [], "start_line": 816}, "": {"executed_lines": [8, 9, 10, 11, 12, 13, 14, 16, 19, 20, 46, 47, 48, 49, 50, 51, 52, 54, 61, 71, 73, 76, 78, 81, 83, 86, 102, 105, 108, 111, 113, 122, 236, 252, 268, 280, 295, 314, 333, 393, 394, 419, 420, 445, 446, 493, 494, 519, 520, 561, 562, 579, 580, 614, 615, 639, 640, 668, 669, 691, 692, 739, 740, 760, 761, 791, 792, 815, 816], "summary": {"covered_lines": 69, "num_statements": 69, "percent_covered": 100.0, "percent_covered_display": "100", "missing_lines": 0, "excluded_lines": 0, "percent_statements_covered": 100.0, "percent_statements_covered_display": "100"}, "missing_lines": [], "excluded_lines": [], "start_line": 1}}, "classes": {"Rule": {"executed_lines": [56, 57, 58, 59, 68], "summary": {"covered_lines": 5, "num_statements": 5, "percent_covered": 100.0, "percent_covered_display": "100", "missing_lines": 0, "excluded_lines": 0, "percent_statements_covered": 100.0, "percent_statements_covered_display": "100"}, "missing_lines": [], "excluded_lines": [], "start_line": 20}, "RuleEngineError": {"executed_lines": [], "summary": {"covered_lines": 0, "num_statements": 0, "percent_covered": 100.0, "percent_covered_display": "100", "missing_lines": 0, "excluded_lines": 0, "percent_statements_covered": 100.0, "percent_statements_covered_display": "100"}, "missing_lines": [], "excluded_lines": [], "start_line": 71}, "RuleNotFoundError": {"executed_lines": [], "summary": {"covered_lines": 0, "num_statements": 0, "percent_covered": 100.0, "percent_covered_display": "100", "missing_lines": 0, "excluded_lines": 0, "percent_statements_covered": 100.0, "percent_statements_covered_display": "100"}, "missing_lines": [], "excluded_lines": [], "start_line": 76}, "RuleValidationError": {"executed_lines": [], "summary": {"covered_lines": 0, "num_statements": 0, "percent_covered": 100.0, "percent_covered_display": "100", "missing_lines": 0, "excluded_lines": 0, "percent_statements_covered": 100.0, "percent_statements_covered_display": "100"}, "missing_lines": [], "excluded_lines": [], "start_line": 81}, "RuleEngine": {"executed_lines": [115, 116, 117, 135, 230, 231, 232, 246, 249, 250, 262, 263, 264, 265, 266, 278, 290, 291, 292, 293, 308, 309, 310, 311, 312, 327, 328, 329, 330, 331, 359, 361, 363, 364, 367, 368, 370, 371, 372, 373, 389, 409, 410, 412, 413, 415, 416, 417, 435, 436, 438, 439, 441, 442, 443, 461, 470, 471, 473, 474, 477, 478, 481, 484, 485, 487, 488, 490, 491, 508, 514, 515, 516, 517, 534, 537, 538, 540, 541, 544, 546, 547, 548, 549, 550, 551, 552, 554, 556, 557, 558, 559, 594, 596, 598, 599, 600, 601, 603, 604, 606, 607, 609, 610, 611, 612, 629, 630, 631, 632, 633, 635, 636, 637, 654, 655, 657, 658, 659, 660, 661, 663, 664, 665, 666, 679, 681, 682, 683, 684, 686, 689, 710, 713, 729, 730, 731, 732, 733, 735, 736, 737, 749, 750, 753, 756, 757, 758, 771, 773, 774, 776, 779, 783, 784, 786, 787, 788, 789, 806, 808, 809, 810, 811, 812, 813, 830, 832, 835, 836, 837], "summary": {"covered_lines": 171, "num_statements": 197, "percent_covered": 86.80203045685279, "percent_covered_display": "87", "missing_lines": 26, "excluded_lines": 0, "percent_statements_covered": 86.80203045685279, "percent_statements_covered_display": "87"}, "missing_lines": [118, 119, 120, 233, 234, 247, 382, 383, 384, 385, 386, 387, 482, 489, 572, 573, 574, 575, 576, 577, 685, 687, 751, 754, 777, 780], "excluded_lines": [], "start_line": 86}, "": {"executed_lines": [8, 9, 10, 11, 12, 13, 14, 16, 19, 20, 46, 47, 48, 49, 50, 51, 52, 54, 61, 71, 73, 76, 78, 81, 83, 86, 102, 105, 108, 111, 113, 122, 236, 252, 268, 280, 295, 314, 333, 393, 394, 419, 420, 445, 446, 493, 494, 519, 520, 561, 562, 579, 580, 614, 615, 639, 640, 668, 669, 691, 692, 739, 740, 760, 761, 791, 792, 815, 816], "summary": {"covered_lines": 69, "num_statements": 69, "percent_covered": 100.0, "percent_covered_display": "100", "missing_lines": 0, "excluded_lines": 0, "percent_statements_covered": 100.0, "percent_statements_covered_display": "100"}, "missing_lines": [], "excluded_lines": [], "start_line": 1}}}, "lingflow/code_review/core/scorer.py": {"executed_lines": [8, 9, 10, 12, 15, 17, 20, 36, 46, 47, 50, 51, 53, 55, 57, 75, 76, 77, 79, 81, 82, 83, 86, 88, 89, 90, 91, 96, 97, 98, 99, 105, 106, 107, 110, 113, 114, 116, 117, 118, 119, 121, 123, 125, 127, 137, 138, 139, 140, 142, 159, 160, 161, 162, 163, 164, 165, 166, 168, 170, 180, 181, 182, 183, 184, 185, 186, 187, 188, 189, 191, 193, 205, 221], "summary": {"covered_lines": 74, "num_statements": 87, "percent_covered": 85.05747126436782, "percent_covered_display": "85", "missing_lines": 13, "excluded_lines": 0, "percent_statements_covered": 85.05747126436782, "percent_statements_covered_display": "85"}, "missing_lines": [52, 92, 93, 94, 100, 101, 102, 203, 216, 217, 218, 219, 228], "excluded_lines": [], "functions": {"QualityScorer.__init__": {"executed_lines": [46, 47, 50, 51, 53, 55], "summary": {"covered_lines": 6, "num_statements": 7, "percent_covered": 85.71428571428571, "percent_covered_display": "86", "missing_lines": 1, "excluded_lines": 0, "percent_statements_covered": 85.71428571428571, "percent_statements_covered_display": "86"}, "missing_lines": [52], "excluded_lines": [], "start_line": 36}, "QualityScorer.calculate_score": {"executed_lines": [75, 76, 77, 79, 81, 82, 83, 86, 88, 89, 90, 91, 96, 97, 98, 99, 105, 106, 107, 110, 113, 114, 116, 117, 118, 119, 121, 123, 125], "summary": {"covered_lines": 29, "num_statements": 35, "percent_covered": 82.85714285714286, "percent_covered_display": "83", "missing_lines": 6, "excluded_lines": 0, "percent_statements_covered": 82.85714285714286, "percent_statements_covered_display": "83"}, "missing_lines": [92, 93, 94, 100, 101, 102], "excluded_lines": [], "start_line": 57}, "QualityScorer.get_score_breakdown": {"executed_lines": [137, 138, 139, 140], "summary": {"covered_lines": 4, "num_statements": 4, "percent_covered": 100.0, "percent_covered_display": "100", "missing_lines": 0, "excluded_lines": 0, "percent_statements_covered": 100.0, "percent_statements_covered_display": "100"}, "missing_lines": [], "excluded_lines": [], "start_line": 127}, "QualityScorer.get_score_grade": {"executed_lines": [159, 160, 161, 162, 163, 164, 165, 166, 168], "summary": {"covered_lines": 9, "num_statements": 9, "percent_covered": 100.0, "percent_covered_display": "100", "missing_lines": 0, "excluded_lines": 0, "percent_statements_covered": 100.0, "percent_statements_covered_display": "100"}, "missing_lines": [], "excluded_lines": [], "start_line": 142}, "QualityScorer.get_score_emoji": {"executed_lines": [180, 181, 182, 183, 184, 185, 186, 187, 188, 189, 191], "summary": {"covered_lines": 11, "num_statements": 11, "percent_covered": 100.0, "percent_covered_display": "100", "missing_lines": 0, "excluded_lines": 0, "percent_statements_covered": 100.0, "percent_statements_covered_display": "100"}, "missing_lines": [], "excluded_lines": [], "start_line": 170}, "QualityScorer.get_dimension_weight": {"executed_lines": [], "summary": {"covered_lines": 0, "num_statements": 1, "percent_covered": 0.0, "percent_covered_display": "0", "missing_lines": 1, "excluded_lines": 0, "percent_statements_covered": 0.0, "percent_statements_covered_display": "0"}, "missing_lines": [203], "excluded_lines": [], "start_line": 193}, "QualityScorer.set_dimension_weight": {"executed_lines": [], "summary": {"covered_lines": 0, "num_statements": 4, "percent_covered": 0.0, "percent_covered_display": "0", "missing_lines": 4, "excluded_lines": 0, "percent_statements_covered": 0.0, "percent_statements_covered_display": "0"}, "missing_lines": [216, 217, 218, 219], "excluded_lines": [], "start_line": 205}, "QualityScorer.get_all_dimensions": {"executed_lines": [], "summary": {"covered_lines": 0, "num_statements": 1, "percent_covered": 0.0, "percent_covered_display": "0", "missing_lines": 1, "excluded_lines": 0, "percent_statements_covered": 0.0, "percent_statements_covered_display": "0"}, "missing_lines": [228], "excluded_lines": [], "start_line": 221}, "": {"executed_lines": [8, 9, 10, 12, 15, 17, 20, 36, 57, 127, 142, 170, 193, 205, 221], "summary": {"covered_lines": 15, "num_statements": 15, "percent_covered": 100.0, "percent_covered_display": "100", "missing_lines": 0, "excluded_lines": 0, "percent_statements_covered": 100.0, "percent_statements_covered_display": "100"}, "missing_lines": [], "excluded_lines": [], "start_line": 1}}, "classes": {"ScorerError": {"executed_lines": [], "summary": {"covered_lines": 0, "num_statements": 0, "percent_covered": 100.0, "percent_covered_display": "100", "missing_lines": 0, "excluded_lines": 0, "percent_statements_covered": 100.0, "percent_statements_covered_display": "100"}, "missing_lines": [], "excluded_lines": [], "start_line": 15}, "QualityScorer": {"executed_lines": [46, 47, 50, 51, 53, 55, 75, 76, 77, 79, 81, 82, 83, 86, 88, 89, 90, 91, 96, 97, 98, 99, 105, 106, 107, 110, 113, 114, 116, 117, 118, 119, 121, 123, 125, 137, 138, 139, 140, 159, 160, 161, 162, 163, 164, 165, 166, 168, 180, 181, 182, 183, 184, 185, 186, 187, 188, 189, 191], "summary": {"covered_lines": 59, "num_statements": 72, "percent_covered": 81.94444444444444, "percent_covered_display": "82", "missing_lines": 13, "excluded_lines": 0, "percent_statements_covered": 81.94444444444444, "percent_statements_covered_display": "82"}, "missing_lines": [52, 92, 93, 94, 100, 101, 102, 203, 216, 217, 218, 219, 228], "excluded_lines": [], "start_line": 20}, "": {"executed_lines": [8, 9, 10, 12, 15, 17, 20, 36, 57, 127, 142, 170, 193, 205, 221], "summary": {"covered_lines": 15, "num_statements": 15, "percent_covered": 100.0, "percent_covered_display": "100", "missing_lines": 0, "excluded_lines": 0, "percent_statements_covered": 100.0, "percent_statements_covered_display": "100"}, "missing_lines": [], "excluded_lines": [], "start_line": 1}}}, "lingflow/code_review/core/severity.py": {"executed_lines": [8, 9, 10, 13, 32, 33, 34, 35, 36, 37, 39, 40, 62, 66, 71, 72, 90, 91, 92, 93, 95, 96, 103, 112, 113, 126, 127, 128, 131, 132, 145, 146, 147, 150, 151, 170, 197, 210, 220], "summary": {"covered_lines": 39, "num_statements": 55, "percent_covered": 70.9090909090909, "percent_covered_display": "71", "missing_lines": 16, "excluded_lines": 0, "percent_statements_covered": 70.9090909090909, "percent_statements_covered_display": "71"}, "missing_lines": [53, 54, 55, 56, 57, 64, 68, 129, 148, 161, 162, 163, 164, 207, 217, 227], "excluded_lines": [], "functions": {"Severity.from_string": {"executed_lines": [], "summary": {"covered_lines": 0, "num_statements": 5, "percent_covered": 0.0, "percent_covered_display": "0", "missing_lines": 5, "excluded_lines": 0, "percent_statements_covered": 0.0, "percent_statements_covered_display": "0"}, "missing_lines": [53, 54, 55, 56, 57], "excluded_lines": [], "start_line": 40}, "Severity.is_critical": {"executed_lines": [], "summary": {"covered_lines": 0, "num_statements": 1, "percent_covered": 0.0, "percent_covered_display": "0", "missing_lines": 1, "excluded_lines": 0, "percent_statements_covered": 0.0, "percent_statements_covered_display": "0"}, "missing_lines": [64], "excluded_lines": [], "start_line": 62}, "Severity.is_high_or_higher": {"executed_lines": [], "summary": {"covered_lines": 0, "num_statements": 1, "percent_covered": 0.0, "percent_covered_display": "0", "missing_lines": 1, "excluded_lines": 0, "percent_statements_covered": 0.0, "percent_statements_covered_display": "0"}, "missing_lines": [68], "excluded_lines": [], "start_line": 66}, "SeverityWeight.get_all": {"executed_lines": [103], "summary": {"covered_lines": 1, "num_statements": 1, "percent_covered": 100.0, "percent_covered_display": "100", "missing_lines": 0, "excluded_lines": 0, "percent_statements_covered": 100.0, "percent_statements_covered_display": "100"}, "missing_lines": [], "excluded_lines": [], "start_line": 96}, "SeverityWeight.get_weight": {"executed_lines": [126, 127, 128], "summary": {"covered_lines": 3, "num_statements": 4, "percent_covered": 75.0, "percent_covered_display": "75", "missing_lines": 1, "excluded_lines": 0, "percent_statements_covered": 75.0, "percent_statements_covered_display": "75"}, "missing_lines": [129], "excluded_lines": [], "start_line": 113}, "SeverityWeight.get_emoji": {"executed_lines": [145, 146, 147], "summary": {"covered_lines": 3, "num_statements": 4, "percent_covered": 75.0, "percent_covered_display": "75", "missing_lines": 1, "excluded_lines": 0, "percent_statements_covered": 75.0, "percent_statements_covered_display": "75"}, "missing_lines": [148], "excluded_lines": [], "start_line": 132}, "SeverityWeight.get_color": {"executed_lines": [], "summary": {"covered_lines": 0, "num_statements": 4, "percent_covered": 0.0, "percent_covered_display": "0", "missing_lines": 4, "excluded_lines": 0, "percent_statements_covered": 0.0, "percent_statements_covered_display": "0"}, "missing_lines": [161, 162, 163, 164], "excluded_lines": [], "start_line": 151}, "get_dimension_weight": {"executed_lines": [], "summary": {"covered_lines": 0, "num_statements": 1, "percent_covered": 0.0, "percent_covered_display": "0", "missing_lines": 1, "excluded_lines": 0, "percent_statements_covered": 0.0, "percent_statements_covered_display": "0"}, "missing_lines": [207], "excluded_lines": [], "start_line": 197}, "get_all_dimensions": {"executed_lines": [], "summary": {"covered_lines": 0, "num_statements": 1, "percent_covered": 0.0, "percent_covered_display": "0", "missing_lines": 1, "excluded_lines": 0, "percent_statements_covered": 0.0, "percent_statements_covered_display": "0"}, "missing_lines": [217], "excluded_lines": [], "start_line": 210}, "get_critical_dimensions": {"executed_lines": [], "summary": {"covered_lines": 0, "num_statements": 1, "percent_covered": 0.0, "percent_covered_display": "0", "missing_lines": 1, "excluded_lines": 0, "percent_statements_covered": 0.0, "percent_statements_covered_display": "0"}, "missing_lines": [227], "excluded_lines": [], "start_line": 220}, "": {"executed_lines": [8, 9, 10, 13, 32, 33, 34, 35, 36, 37, 39, 40, 62, 66, 71, 72, 90, 91, 92, 93, 95, 96, 112, 113, 131, 132, 150, 151, 170, 197, 210, 220], "summary": {"covered_lines": 32, "num_statements": 32, "percent_covered": 100.0, "percent_covered_display": "100", "missing_lines": 0, "excluded_lines": 0, "percent_statements_covered": 100.0, "percent_statements_covered_display": "100"}, "missing_lines": [], "excluded_lines": [], "start_line": 1}}, "classes": {"Severity": {"executed_lines": [], "summary": {"covered_lines": 0, "num_statements": 7, "percent_covered": 0.0, "percent_covered_display": "0", "missing_lines": 7, "excluded_lines": 0, "percent_statements_covered": 0.0, "percent_statements_covered_display": "0"}, "missing_lines": [53, 54, 55, 56, 57, 64, 68], "excluded_lines": [], "start_line": 13}, "SeverityWeight": {"executed_lines": [103, 126, 127, 128, 145, 146, 147], "summary": {"covered_lines": 7, "num_statements": 13, "percent_covered": 53.84615384615385, "percent_covered_display": "54", "missing_lines": 6, "excluded_lines": 0, "percent_statements_covered": 53.84615384615385, "percent_statements_covered_display": "54"}, "missing_lines": [129, 148, 161, 162, 163, 164], "excluded_lines": [], "start_line": 72}, "": {"executed_lines": [8, 9, 10, 13, 32, 33, 34, 35, 36, 37, 39, 40, 62, 66, 71, 72, 90, 91, 92, 93, 95, 96, 112, 113, 131, 132, 150, 151, 170, 197, 210, 220], "summary": {"covered_lines": 32, "num_statements": 35, "percent_covered": 91.42857142857143, "percent_covered_display": "91", "missing_lines": 3, "excluded_lines": 0, "percent_statements_covered": 91.42857142857143, "percent_statements_covered_display": "91"}, "missing_lines": [207, 217, 227], "excluded_lines": [], "start_line": 1}}}, "lingflow/common/__init__.py": {"executed_lines": [3, 4, 20, 21, 22, 24], "summary": {"covered_lines": 6, "num_statements": 6, "percent_covered": 100.0, "percent_covered_display": "100", "missing_lines": 0, "excluded_lines": 0, "percent_statements_covered": 100.0, "percent_statements_covered_display": "100"}, "missing_lines": [], "excluded_lines": [], "functions": {"": {"executed_lines": [3, 4, 20, 21, 22, 24], "summary": {"covered_lines": 6, "num_statements": 6, "percent_covered": 100.0, "percent_covered_display": "100", "missing_lines": 0, "excluded_lines": 0, "percent_statements_covered": 100.0, "percent_statements_covered_display": "100"}, "missing_lines": [], "excluded_lines": [], "start_line": 1}}, "classes": {"": {"executed_lines": [3, 4, 20, 21, 22, 24], "summary": {"covered_lines": 6, "num_statements": 6, "percent_covered": 100.0, "percent_covered_display": "100", "missing_lines": 0, "excluded_lines": 0, "percent_statements_covered": 100.0, "percent_statements_covered_display": "100"}, "missing_lines": [], "excluded_lines": [], "start_line": 1}}}, "lingflow/common/audit_logger.py": {"executed_lines": [14, 15, 16, 17, 18, 19, 20, 23, 25, 26, 27, 28, 29, 30, 31, 32, 33, 34, 37, 39, 40, 41, 42, 45, 48, 72, 73, 74, 75, 76, 77, 78, 79, 81, 83, 94, 96, 99, 102, 122, 123, 126, 129, 134, 135, 136, 137, 138, 141, 143, 144, 146, 147, 148, 151, 153, 159, 160, 161, 164, 165, 167, 175, 176, 177, 178, 179, 181, 183, 184, 185, 186, 188, 191, 192, 193, 194, 197, 198, 199, 201, 219, 220, 222, 236, 238, 255, 256, 257, 258, 259, 261, 262, 264, 278, 280, 298, 299, 300, 302, 316, 318, 332, 344, 346, 360, 372, 374, 393, 396, 397, 398, 399, 400, 401, 404, 405, 407, 409, 416, 417, 418, 426, 427, 428, 429, 432, 433, 434, 435, 438, 443, 452, 455, 458, 459, 460, 463, 471, 480, 487, 495, 503], "summary": {"covered_lines": 143, "num_statements": 145, "percent_covered": 98.62068965517241, "percent_covered_display": "99", "missing_lines": 2, "excluded_lines": 0, "percent_statements_covered": 98.62068965517241, "percent_statements_covered_display": "99"}, "missing_lines": [182, 260], "excluded_lines": [], "functions": {"AuditEvent.__init__": {"executed_lines": [72, 73, 74, 75, 76, 77, 78, 79], "summary": {"covered_lines": 8, "num_statements": 8, "percent_covered": 100.0, "percent_covered_display": "100", "missing_lines": 0, "excluded_lines": 0, "percent_statements_covered": 100.0, "percent_statements_covered_display": "100"}, "missing_lines": [], "excluded_lines": [], "start_line": 48}, "AuditEvent.to_dict": {"executed_lines": [83], "summary": {"covered_lines": 1, "num_statements": 1, "percent_covered": 100.0, "percent_covered_display": "100", "missing_lines": 0, "excluded_lines": 0, "percent_statements_covered": 100.0, "percent_statements_covered_display": "100"}, "missing_lines": [], "excluded_lines": [], "start_line": 81}, "AuditEvent.to_json": {"executed_lines": [96], "summary": {"covered_lines": 1, "num_statements": 1, "percent_covered": 100.0, "percent_covered_display": "100", "missing_lines": 0, "excluded_lines": 0, "percent_statements_covered": 100.0, "percent_statements_covered_display": "100"}, "missing_lines": [], "excluded_lines": [], "start_line": 94}, "SecurityAuditLogger.__init__": {"executed_lines": [122, 123, 126, 129, 134, 135, 136, 137, 138, 141, 143, 144, 146, 147, 148, 151, 153, 159, 160, 161, 164, 165], "summary": {"covered_lines": 22, "num_statements": 22, "percent_covered": 100.0, "percent_covered_display": "100", "missing_lines": 0, "excluded_lines": 0, "percent_statements_covered": 100.0, "percent_statements_covered_display": "100"}, "missing_lines": [], "excluded_lines": [], "start_line": 102}, "SecurityAuditLogger.log_event": {"executed_lines": [175, 176, 177, 178, 179, 181, 183, 184, 185, 186, 188, 191, 192, 193, 194, 197, 198, 199], "summary": {"covered_lines": 18, "num_statements": 19, "percent_covered": 94.73684210526316, "percent_covered_display": "95", "missing_lines": 1, "excluded_lines": 0, "percent_statements_covered": 94.73684210526316, "percent_statements_covered_display": "95"}, "missing_lines": [182], "excluded_lines": [], "start_line": 167}, "SecurityAuditLogger.log_skill_execution": {"executed_lines": [219, 220, 222, 236], "summary": {"covered_lines": 4, "num_statements": 4, "percent_covered": 100.0, "percent_covered_display": "100", "missing_lines": 0, "excluded_lines": 0, "percent_statements_covered": 100.0, "percent_statements_covered_display": "100"}, "missing_lines": [], "excluded_lines": [], "start_line": 201}, "SecurityAuditLogger.log_config_change": {"executed_lines": [255, 256, 257, 258, 259, 261, 262, 264, 278], "summary": {"covered_lines": 9, "num_statements": 10, "percent_covered": 90.0, "percent_covered_display": "90", "missing_lines": 1, "excluded_lines": 0, "percent_statements_covered": 90.0, "percent_statements_covered_display": "90"}, "missing_lines": [260], "excluded_lines": [], "start_line": 238}, "SecurityAuditLogger.log_access_violation": {"executed_lines": [298, 299, 300, 302, 316], "summary": {"covered_lines": 5, "num_statements": 5, "percent_covered": 100.0, "percent_covered_display": "100", "missing_lines": 0, "excluded_lines": 0, "percent_statements_covered": 100.0, "percent_statements_covered_display": "100"}, "missing_lines": [], "excluded_lines": [], "start_line": 280}, "SecurityAuditLogger.log_sandbox_violation": {"executed_lines": [332, 344], "summary": {"covered_lines": 2, "num_statements": 2, "percent_covered": 100.0, "percent_covered_display": "100", "missing_lines": 0, "excluded_lines": 0, "percent_statements_covered": 100.0, "percent_statements_covered_display": "100"}, "missing_lines": [], "excluded_lines": [], "start_line": 318}, "SecurityAuditLogger.log_permission_denied": {"executed_lines": [360, 372], "summary": {"covered_lines": 2, "num_statements": 2, "percent_covered": 100.0, "percent_covered_display": "100", "missing_lines": 0, "excluded_lines": 0, "percent_statements_covered": 100.0, "percent_statements_covered_display": "100"}, "missing_lines": [], "excluded_lines": [], "start_line": 346}, "SecurityAuditLogger.get_event_history": {"executed_lines": [393, 396, 397, 398, 399, 400, 401, 404, 405, 407], "summary": {"covered_lines": 10, "num_statements": 10, "percent_covered": 100.0, "percent_covered_display": "100", "missing_lines": 0, "excluded_lines": 0, "percent_statements_covered": 100.0, "percent_statements_covered_display": "100"}, "missing_lines": [], "excluded_lines": [], "start_line": 374}, "SecurityAuditLogger.get_security_summary": {"executed_lines": [416, 417, 418, 426, 427, 428, 429, 432, 433, 434, 435, 438, 443], "summary": {"covered_lines": 13, "num_statements": 13, "percent_covered": 100.0, "percent_covered_display": "100", "missing_lines": 0, "excluded_lines": 0, "percent_statements_covered": 100.0, "percent_statements_covered_display": "100"}, "missing_lines": [], "excluded_lines": [], "start_line": 409}, "get_audit_logger": {"executed_lines": [458, 459, 460], "summary": {"covered_lines": 3, "num_statements": 3, "percent_covered": 100.0, "percent_covered_display": "100", "missing_lines": 0, "excluded_lines": 0, "percent_statements_covered": 100.0, "percent_statements_covered_display": "100"}, "missing_lines": [], "excluded_lines": [], "start_line": 455}, "log_skill_execution": {"executed_lines": [471], "summary": {"covered_lines": 1, "num_statements": 1, "percent_covered": 100.0, "percent_covered_display": "100", "missing_lines": 0, "excluded_lines": 0, "percent_statements_covered": 100.0, "percent_statements_covered_display": "100"}, "missing_lines": [], "excluded_lines": [], "start_line": 463}, "log_config_change": {"executed_lines": [487], "summary": {"covered_lines": 1, "num_statements": 1, "percent_covered": 100.0, "percent_covered_display": "100", "missing_lines": 0, "excluded_lines": 0, "percent_statements_covered": 100.0, "percent_statements_covered_display": "100"}, "missing_lines": [], "excluded_lines": [], "start_line": 480}, "log_access_violation": {"executed_lines": [503], "summary": {"covered_lines": 1, "num_statements": 1, "percent_covered": 100.0, "percent_covered_display": "100", "missing_lines": 0, "excluded_lines": 0, "percent_statements_covered": 100.0, "percent_statements_covered_display": "100"}, "missing_lines": [], "excluded_lines": [], "start_line": 495}, "": {"executed_lines": [14, 15, 16, 17, 18, 19, 20, 23, 25, 26, 27, 28, 29, 30, 31, 32, 33, 34, 37, 39, 40, 41, 42, 45, 48, 81, 94, 99, 102, 167, 201, 238, 280, 318, 346, 374, 409, 452, 455, 463, 480, 495], "summary": {"covered_lines": 42, "num_statements": 42, "percent_covered": 100.0, "percent_covered_display": "100", "missing_lines": 0, "excluded_lines": 0, "percent_statements_covered": 100.0, "percent_statements_covered_display": "100"}, "missing_lines": [], "excluded_lines": [], "start_line": 1}}, "classes": {"AuditEventType": {"executed_lines": [], "summary": {"covered_lines": 0, "num_statements": 0, "percent_covered": 100.0, "percent_covered_display": "100", "missing_lines": 0, "excluded_lines": 0, "percent_statements_covered": 100.0, "percent_statements_covered_display": "100"}, "missing_lines": [], "excluded_lines": [], "start_line": 23}, "AuditSeverity": {"executed_lines": [], "summary": {"covered_lines": 0, "num_statements": 0, "percent_covered": 100.0, "percent_covered_display": "100", "missing_lines": 0, "excluded_lines": 0, "percent_statements_covered": 100.0, "percent_statements_covered_display": "100"}, "missing_lines": [], "excluded_lines": [], "start_line": 37}, "AuditEvent": {"executed_lines": [72, 73, 74, 75, 76, 77, 78, 79, 83, 96], "summary": {"covered_lines": 10, "num_statements": 10, "percent_covered": 100.0, "percent_covered_display": "100", "missing_lines": 0, "excluded_lines": 0, "percent_statements_covered": 100.0, "percent_statements_covered_display": "100"}, "missing_lines": [], "excluded_lines": [], "start_line": 45}, "SecurityAuditLogger": {"executed_lines": [122, 123, 126, 129, 134, 135, 136, 137, 138, 141, 143, 144, 146, 147, 148, 151, 153, 159, 160, 161, 164, 165, 175, 176, 177, 178, 179, 181, 183, 184, 185, 186, 188, 191, 192, 193, 194, 197, 198, 199, 219, 220, 222, 236, 255, 256, 257, 258, 259, 261, 262, 264, 278, 298, 299, 300, 302, 316, 332, 344, 360, 372, 393, 396, 397, 398, 399, 400, 401, 404, 405, 407, 416, 417, 418, 426, 427, 428, 429, 432, 433, 434, 435, 438, 443], "summary": {"covered_lines": 85, "num_statements": 87, "percent_covered": 97.70114942528735, "percent_covered_display": "98", "missing_lines": 2, "excluded_lines": 0, "percent_statements_covered": 97.70114942528735, "percent_statements_covered_display": "98"}, "missing_lines": [182, 260], "excluded_lines": [], "start_line": 99}, "": {"executed_lines": [14, 15, 16, 17, 18, 19, 20, 23, 25, 26, 27, 28, 29, 30, 31, 32, 33, 34, 37, 39, 40, 41, 42, 45, 48, 81, 94, 99, 102, 167, 201, 238, 280, 318, 346, 374, 409, 452, 455, 458, 459, 460, 463, 471, 480, 487, 495, 503], "summary": {"covered_lines": 48, "num_statements": 48, "percent_covered": 100.0, "percent_covered_display": "100", "missing_lines": 0, "excluded_lines": 0, "percent_statements_covered": 100.0, "percent_statements_covered_display": "100"}, "missing_lines": [], "excluded_lines": [], "start_line": 1}}}, "lingflow/common/config.py": {"executed_lines": [3, 4, 5, 7, 9, 12, 15, 66, 69, 70, 71, 73, 75, 78, 87, 89, 97, 119, 120, 122, 123, 124, 129, 136, 138, 150, 162, 166, 168, 171, 176], "summary": {"covered_lines": 31, "num_statements": 61, "percent_covered": 50.81967213114754, "percent_covered_display": "51", "missing_lines": 30, "excluded_lines": 0, "percent_statements_covered": 50.81967213114754, "percent_statements_covered_display": "51"}, "missing_lines": [79, 80, 81, 82, 83, 84, 85, 91, 92, 93, 95, 126, 130, 134, 140, 141, 143, 144, 145, 146, 148, 152, 153, 154, 155, 156, 157, 158, 173, 178], "excluded_lines": [], "functions": {"ConfigManager.__init__": {"executed_lines": [70, 71], "summary": {"covered_lines": 2, "num_statements": 2, "percent_covered": 100.0, "percent_covered_display": "100", "missing_lines": 0, "excluded_lines": 0, "percent_statements_covered": 100.0, "percent_statements_covered_display": "100"}, "missing_lines": [], "excluded_lines": [], "start_line": 69}, "ConfigManager._load_config": {"executed_lines": [75, 78, 87], "summary": {"covered_lines": 3, "num_statements": 10, "percent_covered": 30.0, "percent_covered_display": "30", "missing_lines": 7, "excluded_lines": 0, "percent_statements_covered": 30.0, "percent_statements_covered_display": "30"}, "missing_lines": [79, 80, 81, 82, 83, 84, 85], "excluded_lines": [], "start_line": 73}, "ConfigManager._merge_config": {"executed_lines": [], "summary": {"covered_lines": 0, "num_statements": 4, "percent_covered": 0.0, "percent_covered_display": "0", "missing_lines": 4, "excluded_lines": 0, "percent_statements_covered": 0.0, "percent_statements_covered_display": "0"}, "missing_lines": [91, 92, 93, 95], "excluded_lines": [], "start_line": 89}, "ConfigManager.get": {"executed_lines": [119, 120, 122, 123, 124, 129, 136], "summary": {"covered_lines": 7, "num_statements": 10, "percent_covered": 70.0, "percent_covered_display": "70", "missing_lines": 3, "excluded_lines": 0, "percent_statements_covered": 70.0, "percent_statements_covered_display": "70"}, "missing_lines": [126, 130, 134], "excluded_lines": [], "start_line": 97}, "ConfigManager.set": {"executed_lines": [], "summary": {"covered_lines": 0, "num_statements": 7, "percent_covered": 0.0, "percent_covered_display": "0", "missing_lines": 7, "excluded_lines": 0, "percent_statements_covered": 0.0, "percent_statements_covered_display": "0"}, "missing_lines": [140, 141, 143, 144, 145, 146, 148], "excluded_lines": [], "start_line": 138}, "ConfigManager.save": {"executed_lines": [], "summary": {"covered_lines": 0, "num_statements": 7, "percent_covered": 0.0, "percent_covered_display": "0", "missing_lines": 7, "excluded_lines": 0, "percent_statements_covered": 0.0, "percent_statements_covered_display": "0"}, "missing_lines": [152, 153, 154, 155, 156, 157, 158], "excluded_lines": [], "start_line": 150}, "get_config": {"executed_lines": [168], "summary": {"covered_lines": 1, "num_statements": 1, "percent_covered": 100.0, "percent_covered_display": "100", "missing_lines": 0, "excluded_lines": 0, "percent_statements_covered": 100.0, "percent_statements_covered_display": "100"}, "missing_lines": [], "excluded_lines": [], "start_line": 166}, "set_config": {"executed_lines": [], "summary": {"covered_lines": 0, "num_statements": 1, "percent_covered": 0.0, "percent_covered_display": "0", "missing_lines": 1, "excluded_lines": 0, "percent_statements_covered": 0.0, "percent_statements_covered_display": "0"}, "missing_lines": [173], "excluded_lines": [], "start_line": 171}, "save_config": {"executed_lines": [], "summary": {"covered_lines": 0, "num_statements": 1, "percent_covered": 0.0, "percent_covered_display": "0", "missing_lines": 1, "excluded_lines": 0, "percent_statements_covered": 0.0, "percent_statements_covered_display": "0"}, "missing_lines": [178], "excluded_lines": [], "start_line": 176}, "": {"executed_lines": [3, 4, 5, 7, 9, 12, 15, 66, 69, 73, 89, 97, 138, 150, 162, 166, 171, 176], "summary": {"covered_lines": 18, "num_statements": 18, "percent_covered": 100.0, "percent_covered_display": "100", "missing_lines": 0, "excluded_lines": 0, "percent_statements_covered": 100.0, "percent_statements_covered_display": "100"}, "missing_lines": [], "excluded_lines": [], "start_line": 1}}, "classes": {"ConfigManager": {"executed_lines": [70, 71, 75, 78, 87, 119, 120, 122, 123, 124, 129, 136], "summary": {"covered_lines": 12, "num_statements": 40, "percent_covered": 30.0, "percent_covered_display": "30", "missing_lines": 28, "excluded_lines": 0, "percent_statements_covered": 30.0, "percent_statements_covered_display": "30"}, "missing_lines": [79, 80, 81, 82, 83, 84, 85, 91, 92, 93, 95, 126, 130, 134, 140, 141, 143, 144, 145, 146, 148, 152, 153, 154, 155, 156, 157, 158], "excluded_lines": [], "start_line": 66}, "": {"executed_lines": [3, 4, 5, 7, 9, 12, 15, 66, 69, 73, 89, 97, 138, 150, 162, 166, 168, 171, 176], "summary": {"covered_lines": 19, "num_statements": 21, "percent_covered": 90.47619047619048, "percent_covered_display": "90", "missing_lines": 2, "excluded_lines": 0, "percent_statements_covered": 90.47619047619048, "percent_statements_covered_display": "90"}, "missing_lines": [173, 178], "excluded_lines": [], "start_line": 1}}}, "lingflow/common/exceptions.py": {"executed_lines": [4, 8, 12, 16, 20, 24, 28, 32, 36, 40, 44, 48, 52, 56], "summary": {"covered_lines": 14, "num_statements": 14, "percent_covered": 100.0, "percent_covered_display": "100", "missing_lines": 0, "excluded_lines": 0, "percent_statements_covered": 100.0, "percent_statements_covered_display": "100"}, "missing_lines": [], "excluded_lines": [], "functions": {"": {"executed_lines": [4, 8, 12, 16, 20, 24, 28, 32, 36, 40, 44, 48, 52, 56], "summary": {"covered_lines": 14, "num_statements": 14, "percent_covered": 100.0, "percent_covered_display": "100", "missing_lines": 0, "excluded_lines": 0, "percent_statements_covered": 100.0, "percent_statements_covered_display": "100"}, "missing_lines": [], "excluded_lines": [], "start_line": 1}}, "classes": {"LingFlowError": {"executed_lines": [], "summary": {"covered_lines": 0, "num_statements": 0, "percent_covered": 100.0, "percent_covered_display": "100", "missing_lines": 0, "excluded_lines": 0, "percent_statements_covered": 100.0, "percent_statements_covered_display": "100"}, "missing_lines": [], "excluded_lines": [], "start_line": 4}, "SkillError": {"executed_lines": [], "summary": {"covered_lines": 0, "num_statements": 0, "percent_covered": 100.0, "percent_covered_display": "100", "missing_lines": 0, "excluded_lines": 0, "percent_statements_covered": 100.0, "percent_statements_covered_display": "100"}, "missing_lines": [], "excluded_lines": [], "start_line": 8}, "SkillNotFoundError": {"executed_lines": [], "summary": {"covered_lines": 0, "num_statements": 0, "percent_covered": 100.0, "percent_covered_display": "100", "missing_lines": 0, "excluded_lines": 0, "percent_statements_covered": 100.0, "percent_statements_covered_display": "100"}, "missing_lines": [], "excluded_lines": [], "start_line": 12}, "SkillLoadError": {"executed_lines": [], "summary": {"covered_lines": 0, "num_statements": 0, "percent_covered": 100.0, "percent_covered_display": "100", "missing_lines": 0, "excluded_lines": 0, "percent_statements_covered": 100.0, "percent_statements_covered_display": "100"}, "missing_lines": [], "excluded_lines": [], "start_line": 16}, "SkillExecutionError": {"executed_lines": [], "summary": {"covered_lines": 0, "num_statements": 0, "percent_covered": 100.0, "percent_covered_display": "100", "missing_lines": 0, "excluded_lines": 0, "percent_statements_covered": 100.0, "percent_statements_covered_display": "100"}, "missing_lines": [], "excluded_lines": [], "start_line": 20}, "WorkflowError": {"executed_lines": [], "summary": {"covered_lines": 0, "num_statements": 0, "percent_covered": 100.0, "percent_covered_display": "100", "missing_lines": 0, "excluded_lines": 0, "percent_statements_covered": 100.0, "percent_statements_covered_display": "100"}, "missing_lines": [], "excluded_lines": [], "start_line": 24}, "WorkflowValidationError": {"executed_lines": [], "summary": {"covered_lines": 0, "num_statements": 0, "percent_covered": 100.0, "percent_covered_display": "100", "missing_lines": 0, "excluded_lines": 0, "percent_statements_covered": 100.0, "percent_statements_covered_display": "100"}, "missing_lines": [], "excluded_lines": [], "start_line": 28}, "WorkflowExecutionError": {"executed_lines": [], "summary": {"covered_lines": 0, "num_statements": 0, "percent_covered": 100.0, "percent_covered_display": "100", "missing_lines": 0, "excluded_lines": 0, "percent_statements_covered": 100.0, "percent_statements_covered_display": "100"}, "missing_lines": [], "excluded_lines": [], "start_line": 32}, "AgentError": {"executed_lines": [], "summary": {"covered_lines": 0, "num_statements": 0, "percent_covered": 100.0, "percent_covered_display": "100", "missing_lines": 0, "excluded_lines": 0, "percent_statements_covered": 100.0, "percent_statements_covered_display": "100"}, "missing_lines": [], "excluded_lines": [], "start_line": 36}, "AgentNotFoundError": {"executed_lines": [], "summary": {"covered_lines": 0, "num_statements": 0, "percent_covered": 100.0, "percent_covered_display": "100", "missing_lines": 0, "excluded_lines": 0, "percent_statements_covered": 100.0, "percent_statements_covered_display": "100"}, "missing_lines": [], "excluded_lines": [], "start_line": 40}, "AgentExecutionError": {"executed_lines": [], "summary": {"covered_lines": 0, "num_statements": 0, "percent_covered": 100.0, "percent_covered_display": "100", "missing_lines": 0, "excluded_lines": 0, "percent_statements_covered": 100.0, "percent_statements_covered_display": "100"}, "missing_lines": [], "excluded_lines": [], "start_line": 44}, "CompressionError": {"executed_lines": [], "summary": {"covered_lines": 0, "num_statements": 0, "percent_covered": 100.0, "percent_covered_display": "100", "missing_lines": 0, "excluded_lines": 0, "percent_statements_covered": 100.0, "percent_statements_covered_display": "100"}, "missing_lines": [], "excluded_lines": [], "start_line": 48}, "ConfigurationError": {"executed_lines": [], "summary": {"covered_lines": 0, "num_statements": 0, "percent_covered": 100.0, "percent_covered_display": "100", "missing_lines": 0, "excluded_lines": 0, "percent_statements_covered": 100.0, "percent_statements_covered_display": "100"}, "missing_lines": [], "excluded_lines": [], "start_line": 52}, "ValidationError": {"executed_lines": [], "summary": {"covered_lines": 0, "num_statements": 0, "percent_covered": 100.0, "percent_covered_display": "100", "missing_lines": 0, "excluded_lines": 0, "percent_statements_covered": 100.0, "percent_statements_covered_display": "100"}, "missing_lines": [], "excluded_lines": [], "start_line": 56}, "": {"executed_lines": [4, 8, 12, 16, 20, 24, 28, 32, 36, 40, 44, 48, 52, 56], "summary": {"covered_lines": 14, "num_statements": 14, "percent_covered": 100.0, "percent_covered_display": "100", "missing_lines": 0, "excluded_lines": 0, "percent_statements_covered": 100.0, "percent_statements_covered_display": "100"}, "missing_lines": [], "excluded_lines": [], "start_line": 1}}}, "lingflow/common/logger.py": {"executed_lines": [3, 4, 5, 8, 9, 10, 13, 14, 17, 20, 29, 35], "summary": {"covered_lines": 12, "num_statements": 24, "percent_covered": 50.0, "percent_covered_display": "50", "missing_lines": 12, "excluded_lines": 0, "percent_statements_covered": 50.0, "percent_statements_covered_display": "50"}, "missing_lines": [31, 46, 48, 49, 50, 51, 52, 53, 54, 55, 56, 58], "excluded_lines": [], "functions": {"get_logger": {"executed_lines": [], "summary": {"covered_lines": 0, "num_statements": 1, "percent_covered": 0.0, "percent_covered_display": "0", "missing_lines": 1, "excluded_lines": 0, "percent_statements_covered": 0.0, "percent_statements_covered_display": "0"}, "missing_lines": [31], "excluded_lines": [], "start_line": 29}, "log_function": {"executed_lines": [], "summary": {"covered_lines": 0, "num_statements": 3, "percent_covered": 0.0, "percent_covered_display": "0", "missing_lines": 3, "excluded_lines": 0, "percent_statements_covered": 0.0, "percent_statements_covered_display": "0"}, "missing_lines": [46, 48, 58], "excluded_lines": [], "start_line": 35}, "log_function.wrapper": {"executed_lines": [], "summary": {"covered_lines": 0, "num_statements": 8, "percent_covered": 0.0, "percent_covered_display": "0", "missing_lines": 8, "excluded_lines": 0, "percent_statements_covered": 0.0, "percent_statements_covered_display": "0"}, "missing_lines": [49, 50, 51, 52, 53, 54, 55, 56], "excluded_lines": [], "start_line": 48}, "": {"executed_lines": [3, 4, 5, 8, 9, 10, 13, 14, 17, 20, 29, 35], "summary": {"covered_lines": 12, "num_statements": 12, "percent_covered": 100.0, "percent_covered_display": "100", "missing_lines": 0, "excluded_lines": 0, "percent_statements_covered": 100.0, "percent_statements_covered_display": "100"}, "missing_lines": [], "excluded_lines": [], "start_line": 1}}, "classes": {"": {"executed_lines": [3, 4, 5, 8, 9, 10, 13, 14, 17, 20, 29, 35], "summary": {"covered_lines": 12, "num_statements": 24, "percent_covered": 50.0, "percent_covered_display": "50", "missing_lines": 12, "excluded_lines": 0, "percent_statements_covered": 50.0, "percent_statements_covered_display": "50"}, "missing_lines": [31, 46, 48, 49, 50, 51, 52, 53, 54, 55, 56, 58], "excluded_lines": [], "start_line": 1}}}, "lingflow/common/models.py": {"executed_lines": [3, 4, 5, 8, 17, 18, 19, 22, 32, 33, 34, 35, 38, 39, 54, 55, 56, 57, 58, 59, 60, 63, 64, 79, 80, 81, 82, 83, 84, 85, 88, 89, 103, 104, 105, 106, 107, 108], "summary": {"covered_lines": 38, "num_statements": 38, "percent_covered": 100.0, "percent_covered_display": "100", "missing_lines": 0, "excluded_lines": 0, "percent_statements_covered": 100.0, "percent_statements_covered_display": "100"}, "missing_lines": [], "excluded_lines": [], "functions": {"": {"executed_lines": [3, 4, 5, 8, 17, 18, 19, 22, 32, 33, 34, 35, 38, 39, 54, 55, 56, 57, 58, 59, 60, 63, 64, 79, 80, 81, 82, 83, 84, 85, 88, 89, 103, 104, 105, 106, 107, 108], "summary": {"covered_lines": 38, "num_statements": 38, "percent_covered": 100.0, "percent_covered_display": "100", "missing_lines": 0, "excluded_lines": 0, "percent_statements_covered": 100.0, "percent_statements_covered_display": "100"}, "missing_lines": [], "excluded_lines": [], "start_line": 1}}, "classes": {"AgentStatus": {"executed_lines": [], "summary": {"covered_lines": 0, "num_statements": 0, "percent_covered": 100.0, "percent_covered_display": "100", "missing_lines": 0, "excluded_lines": 0, "percent_statements_covered": 100.0, "percent_statements_covered_display": "100"}, "missing_lines": [], "excluded_lines": [], "start_line": 8}, "TaskPriority": {"executed_lines": [], "summary": {"covered_lines": 0, "num_statements": 0, "percent_covered": 100.0, "percent_covered_display": "100", "missing_lines": 0, "excluded_lines": 0, "percent_statements_covered": 100.0, "percent_statements_covered_display": "100"}, "missing_lines": [], "excluded_lines": [], "start_line": 22}, "AgentConfig": {"executed_lines": [], "summary": {"covered_lines": 0, "num_statements": 0, "percent_covered": 100.0, "percent_covered_display": "100", "missing_lines": 0, "excluded_lines": 0, "percent_statements_covered": 100.0, "percent_statements_covered_display": "100"}, "missing_lines": [], "excluded_lines": [], "start_line": 39}, "Task": {"executed_lines": [], "summary": {"covered_lines": 0, "num_statements": 0, "percent_covered": 100.0, "percent_covered_display": "100", "missing_lines": 0, "excluded_lines": 0, "percent_statements_covered": 100.0, "percent_statements_covered_display": "100"}, "missing_lines": [], "excluded_lines": [], "start_line": 64}, "TaskResult": {"executed_lines": [], "summary": {"covered_lines": 0, "num_statements": 0, "percent_covered": 100.0, "percent_covered_display": "100", "missing_lines": 0, "excluded_lines": 0, "percent_statements_covered": 100.0, "percent_statements_covered_display": "100"}, "missing_lines": [], "excluded_lines": [], "start_line": 89}, "": {"executed_lines": [3, 4, 5, 8, 17, 18, 19, 22, 32, 33, 34, 35, 38, 39, 54, 55, 56, 57, 58, 59, 60, 63, 64, 79, 80, 81, 82, 83, 84, 85, 88, 89, 103, 104, 105, 106, 107, 108], "summary": {"covered_lines": 38, "num_statements": 38, "percent_covered": 100.0, "percent_covered_display": "100", "missing_lines": 0, "excluded_lines": 0, "percent_statements_covered": 100.0, "percent_statements_covered_display": "100"}, "missing_lines": [], "excluded_lines": [], "start_line": 1}}}, "lingflow/common/sandbox.py": {"executed_lines": [14, 15, 16, 17, 18, 19, 22, 24, 27, 29, 32, 34, 38, 40, 55, 58, 66, 96, 104, 118, 119, 120, 122, 145, 146, 147, 150, 156, 159, 162, 164, 165, 166, 170, 175, 176, 177, 181, 182, 184, 187, 189, 215, 239, 240, 241, 242, 245, 246, 247, 249, 252, 254, 290, 298, 301, 329, 334, 344, 346, 349, 354, 355, 356, 357, 359, 360, 361, 365, 368, 371, 372, 377, 380, 398, 399, 400, 401], "summary": {"covered_lines": 78, "num_statements": 109, "percent_covered": 71.55963302752293, "percent_covered_display": "72", "missing_lines": 31, "excluded_lines": 0, "percent_statements_covered": 71.55963302752293, "percent_statements_covered_display": "72"}, "missing_lines": [43, 44, 46, 49, 50, 53, 54, 167, 168, 185, 207, 209, 210, 211, 213, 266, 268, 269, 272, 273, 274, 276, 277, 278, 279, 281, 283, 284, 286, 287, 288], "excluded_lines": [], "functions": {"_create_safe_import": {"executed_lines": [40, 55], "summary": {"covered_lines": 2, "num_statements": 2, "percent_covered": 100.0, "percent_covered_display": "100", "missing_lines": 0, "excluded_lines": 0, "percent_statements_covered": 100.0, "percent_statements_covered_display": "100"}, "missing_lines": [], "excluded_lines": [], "start_line": 38}, "_create_safe_import.safe_import": {"executed_lines": [], "summary": {"covered_lines": 0, "num_statements": 7, "percent_covered": 0.0, "percent_covered_display": "0", "missing_lines": 7, "excluded_lines": 0, "percent_statements_covered": 0.0, "percent_statements_covered_display": "0"}, "missing_lines": [43, 44, 46, 49, 50, 53, 54], "excluded_lines": [], "start_line": 40}, "SkillSandbox.__init__": {"executed_lines": [118, 119, 120], "summary": {"covered_lines": 3, "num_statements": 3, "percent_covered": 100.0, "percent_covered_display": "100", "missing_lines": 0, "excluded_lines": 0, "percent_statements_covered": 100.0, "percent_statements_covered_display": "100"}, "missing_lines": [], "excluded_lines": [], "start_line": 104}, "SkillSandbox.execute": {"executed_lines": [145, 146, 147, 150, 156, 159, 162, 164, 165, 166, 170, 175, 176, 177, 181, 182, 184, 187], "summary": {"covered_lines": 18, "num_statements": 21, "percent_covered": 85.71428571428571, "percent_covered_display": "86", "missing_lines": 3, "excluded_lines": 0, "percent_statements_covered": 85.71428571428571, "percent_statements_covered_display": "86"}, "missing_lines": [167, 168, 185], "excluded_lines": [], "start_line": 122}, "SkillSandbox._execute_wrapper": {"executed_lines": [], "summary": {"covered_lines": 0, "num_statements": 5, "percent_covered": 0.0, "percent_covered_display": "0", "missing_lines": 5, "excluded_lines": 0, "percent_statements_covered": 0.0, "percent_statements_covered_display": "0"}, "missing_lines": [207, 209, 210, 211, 213], "excluded_lines": [], "start_line": 189}, "SkillSandbox.execute_code": {"executed_lines": [239, 240, 241, 242, 245, 246, 247, 249, 252], "summary": {"covered_lines": 9, "num_statements": 9, "percent_covered": 100.0, "percent_covered_display": "100", "missing_lines": 0, "excluded_lines": 0, "percent_statements_covered": 100.0, "percent_statements_covered_display": "100"}, "missing_lines": [], "excluded_lines": [], "start_line": 215}, "SkillSandbox._execute_code_wrapper": {"executed_lines": [], "summary": {"covered_lines": 0, "num_statements": 16, "percent_covered": 0.0, "percent_covered_display": "0", "missing_lines": 16, "excluded_lines": 0, "percent_statements_covered": 0.0, "percent_statements_covered_display": "0"}, "missing_lines": [266, 268, 269, 272, 273, 274, 276, 277, 278, 279, 281, 283, 284, 286, 287, 288], "excluded_lines": [], "start_line": 254}, "SkillSandbox._create_safe_globals": {"executed_lines": [298, 301, 329], "summary": {"covered_lines": 3, "num_statements": 3, "percent_covered": 100.0, "percent_covered_display": "100", "missing_lines": 0, "excluded_lines": 0, "percent_statements_covered": 100.0, "percent_statements_covered_display": "100"}, "missing_lines": [], "excluded_lines": [], "start_line": 290}, "SkillSandbox.validate_code": {"exe
[...]
": 0, "excluded_lines": 0, "percent_statements_covered": 100.0, "percent_statements_covered_display": "100"}, "missing_lines": [], "excluded_lines": [], "start_line": 80}, "TestContext": {"executed_lines": [], "summary": {"covered_lines": 0, "num_statements": 0, "percent_covered": 100.0, "percent_covered_display": "100", "missing_lines": 0, "excluded_lines": 0, "percent_statements_covered": 100.0, "percent_statements_covered_display": "100"}, "missing_lines": [], "excluded_lines": [], "start_line": 91}, "ToolDefinition": {"executed_lines": [], "summary": {"covered_lines": 0, "num_statements": 0, "percent_covered": 100.0, "percent_covered_display": "100", "missing_lines": 0, "excluded_lines": 2, "percent_statements_covered": 100.0, "percent_statements_covered_display": "100"}, "missing_lines": [], "excluded_lines": [133, 145], "start_line": 104}, "BaseTool": {"executed_lines": [], "summary": {"covered_lines": 0, "num_statements": 20, "percent_covered": 0.0, "percent_covered_display": "0", "missing_lines": 20, "excluded_lines": 0, "percent_statements_covered": 0.0, "percent_statements_covered_display": "0"}, "missing_lines": [169, 170, 171, 172, 174, 181, 183, 184, 185, 188, 189, 190, 191, 192, 194, 195, 196, 197, 209, 219], "excluded_lines": [], "start_line": 148}, "RunTestTool": {"executed_lines": [], "summary": {"covered_lines": 0, "num_statements": 14, "percent_covered": 0.0, "percent_covered_display": "0", "missing_lines": 14, "excluded_lines": 0, "percent_statements_covered": 0.0, "percent_statements_covered_display": "0"}, "missing_lines": [238, 267, 268, 270, 271, 273, 275, 280, 281, 287, 288, 289, 290, 292], "excluded_lines": [], "start_line": 229}, "AnalyzeCodeTool": {"executed_lines": [], "summary": {"covered_lines": 0, "num_statements": 15, "percent_covered": 0.0, "percent_covered_display": "0", "missing_lines": 15, "excluded_lines": 0, "percent_statements_covered": 0.0, "percent_statements_covered_display": "0"}, "missing_lines": [304, 333, 334, 336, 337, 339, 341, 344, 349, 350, 359, 360, 361, 362, 364], "excluded_lines": [], "start_line": 295}, "": {"executed_lines": [], "summary": {"covered_lines": 0, "num_statements": 108, "percent_covered": 0.0, "percent_covered_display": "0", "missing_lines": 108, "excluded_lines": 3, "percent_statements_covered": 0.0, "percent_statements_covered_display": "0"}, "missing_lines": [8, 9, 10, 11, 12, 13, 15, 18, 23, 24, 25, 26, 27, 28, 29, 30, 33, 38, 39, 40, 41, 42, 43, 46, 47, 49, 50, 51, 52, 53, 54, 57, 62, 63, 64, 66, 67, 73, 75, 76, 77, 78, 80, 81, 91, 96, 97, 98, 99, 100, 101, 104, 111, 112, 113, 116, 119, 120, 135, 136, 148, 154, 176, 199, 213, 229, 235, 237, 260, 295, 301, 303, 326, 367, 373, 380, 381, 383, 385, 386, 387, 390, 391, 392, 393, 396, 397, 398, 400, 402, 410, 411, 412, 416, 418, 420, 421, 422, 425, 426, 427, 439, 441, 443, 444, 445, 447, 449], "excluded_lines": [134, 146, 147], "start_line": 1}}}, "lingflow/utils/__init__.py": {"executed_lines": [], "summary": {"covered_lines": 0, "num_statements": 2, "percent_covered": 0.0, "percent_covered_display": "0", "missing_lines": 2, "excluded_lines": 0, "percent_statements_covered": 0.0, "percent_statements_covered_display": "0"}, "missing_lines": [7, 17], "excluded_lines": [], "functions": {"": {"executed_lines": [], "summary": {"covered_lines": 0, "num_statements": 2, "percent_covered": 0.0, "percent_covered_display": "0", "missing_lines": 2, "excluded_lines": 0, "percent_statements_covered": 0.0, "percent_statements_covered_display": "0"}, "missing_lines": [7, 17], "excluded_lines": [], "start_line": 1}}, "classes": {"": {"executed_lines": [], "summary": {"covered_lines": 0, "num_statements": 2, "percent_covered": 0.0, "percent_covered_display": "0", "missing_lines": 2, "excluded_lines": 0, "percent_statements_covered": 0.0, "percent_statements_covered_display": "0"}, "missing_lines": [7, 17], "excluded_lines": [], "start_line": 1}}}, "lingflow/utils/performance.py": {"executed_lines": [], "summary": {"covered_lines": 0, "num_statements": 156, "percent_covered": 0.0, "percent_covered_display": "0", "missing_lines": 156, "excluded_lines": 0, "percent_statements_covered": 0.0, "percent_statements_covered_display": "0"}, "missing_lines": [14, 15, 16, 17, 18, 19, 20, 21, 23, 26, 27, 30, 31, 32, 33, 34, 35, 38, 41, 42, 43, 45, 55, 65, 66, 67, 68, 70, 71, 73, 74, 75, 76, 77, 78, 79, 80, 81, 83, 84, 86, 94, 97, 98, 100, 102, 104, 106, 116, 117, 119, 121, 122, 124, 125, 127, 140, 147, 149, 151, 153, 154, 155, 157, 158, 159, 161, 162, 163, 164, 165, 166, 167, 168, 170, 172, 179, 180, 181, 182, 184, 185, 187, 189, 190, 192, 194, 195, 199, 203, 210, 214, 225, 227, 230, 232, 233, 235, 237, 239, 242, 243, 245, 246, 248, 251, 252, 255, 257, 259, 262, 272, 273, 275, 276, 278, 286, 289, 297, 298, 299, 300, 301, 303, 304, 305, 307, 308, 309, 311, 312, 314, 315, 316, 318, 326, 329, 330, 332, 336, 338, 340, 341, 343, 344, 346, 347, 349, 350, 353, 354, 357, 358, 361, 364, 365], "excluded_lines": [], "functions": {"PerformanceMonitor.__init__": {"executed_lines": [], "summary": {"covered_lines": 0, "num_statements": 2, "percent_covered": 0.0, "percent_covered_display": "0", "missing_lines": 2, "excluded_lines": 0, "percent_statements_covered": 0.0, "percent_statements_covered_display": "0"}, "missing_lines": [42, 43], "excluded_lines": [], "start_line": 41}, "PerformanceMonitor.track": {"executed_lines": [], "summary": {"covered_lines": 0, "num_statements": 2, "percent_covered": 0.0, "percent_covered_display": "0", "missing_lines": 2, "excluded_lines": 0, "percent_statements_covered": 0.0, "percent_statements_covered_display": "0"}, "missing_lines": [55, 104], "excluded_lines": [], "start_line": 45}, "PerformanceMonitor.track.decorator": {"executed_lines": [], "summary": {"covered_lines": 0, "num_statements": 3, "percent_covered": 0.0, "percent_covered_display": "0", "missing_lines": 3, "excluded_lines": 0, "percent_statements_covered": 0.0, "percent_statements_covered_display": "0"}, "missing_lines": [65, 66, 102], "excluded_lines": [], "start_line": 55}, "PerformanceMonitor.track.decorator.wrapper": {"executed_lines": [], "summary": {"covered_lines": 0, "num_statements": 20, "percent_covered": 0.0, "percent_covered_display": "0", "missing_lines": 20, "excluded_lines": 0, "percent_statements_covered": 0.0, "percent_statements_covered_display": "0"}, "missing_lines": [67, 68, 70, 71, 73, 74, 75, 76, 77, 78, 79, 80, 81, 83, 84, 86, 94, 97, 98, 100], "excluded_lines": [], "start_line": 66}, "PerformanceMonitor.get_stats": {"executed_lines": [], "summary": {"covered_lines": 0, "num_statements": 8, "percent_covered": 0.0, "percent_covered_display": "0", "missing_lines": 8, "excluded_lines": 0, "percent_statements_covered": 0.0, "percent_statements_covered_display": "0"}, "missing_lines": [116, 117, 119, 121, 122, 124, 125, 127], "excluded_lines": [], "start_line": 106}, "PerformanceMonitor.get_all_stats": {"executed_lines": [], "summary": {"covered_lines": 0, "num_statements": 1, "percent_covered": 0.0, "percent_covered_display": "0", "missing_lines": 1, "excluded_lines": 0, "percent_statements_covered": 0.0, "percent_statements_covered_display": "0"}, "missing_lines": [147], "excluded_lines": [], "start_line": 140}, "PerformanceMonitor.print_report": {"executed_lines": [], "summary": {"covered_lines": 0, "num_statements": 16, "percent_covered": 0.0, "percent_covered_display": "0", "missing_lines": 16, "excluded_lines": 0, "percent_statements_covered": 0.0, "percent_statements_covered_display": "0"}, "missing_lines": [151, 153, 154, 155, 157, 158, 159, 161, 162, 163, 164, 165, 166, 167, 168, 170], "excluded_lines": [], "start_line": 149}, "PerformanceMonitor.clear": {"executed_lines": [], "summary": {"covered_lines": 0, "num_statements": 6, "percent_covered": 0.0, "percent_covered_display": "0", "missing_lines": 6, "excluded_lines": 0, "percent_statements_covered": 0.0, "percent_statements_covered_display": "0"}, "missing_lines": [179, 180, 181, 182, 184, 185], "excluded_lines": [], "start_line": 172}, "PerformanceMonitor.enable": {"executed_lines": [], "summary": {"covered_lines": 0, "num_statements": 2, "percent_covered": 0.0, "percent_covered_display": "0", "missing_lines": 2, "excluded_lines": 0, "percent_statements_covered": 0.0, "percent_statements_covered_display": "0"}, "missing_lines": [189, 190], "excluded_lines": [], "start_line": 187}, "PerformanceMonitor.disable": {"executed_lines": [], "summary": {"covered_lines": 0, "num_statements": 2, "percent_covered": 0.0, "percent_covered_display": "0", "missing_lines": 2, "excluded_lines": 0, "percent_statements_covered": 0.0, "percent_statements_covered_display": "0"}, "missing_lines": [194, 195], "excluded_lines": [], "start_line": 192}, "track_performance": {"executed_lines": [], "summary": {"covered_lines": 0, "num_statements": 1, "percent_covered": 0.0, "percent_covered_display": "0", "missing_lines": 1, "excluded_lines": 0, "percent_statements_covered": 0.0, "percent_statements_covered_display": "0"}, "missing_lines": [210], "excluded_lines": [], "start_line": 203}, "cached_with_monitor": {"executed_lines": [], "summary": {"covered_lines": 0, "num_statements": 2, "percent_covered": 0.0, "percent_covered_display": "0", "missing_lines": 2, "excluded_lines": 0, "percent_statements_covered": 0.0, "percent_statements_covered_display": "0"}, "missing_lines": [225, 259], "excluded_lines": [], "start_line": 214}, "cached_with_monitor.decorator": {"executed_lines": [], "summary": {"covered_lines": 0, "num_statements": 8, "percent_covered": 0.0, "percent_covered_display": "0", "missing_lines": 8, "excluded_lines": 0, "percent_statements_covered": 0.0, "percent_statements_covered_display": "0"}, "missing_lines": [227, 230, 232, 233, 251, 252, 255, 257], "excluded_lines": [], "start_line": 225}, "cached_with_monitor.decorator.wrapper": {"executed_lines": [], "summary": {"covered_lines": 0, "num_statements": 8, "percent_covered": 0.0, "percent_covered_display": "0", "missing_lines": 8, "excluded_lines": 0, "percent_statements_covered": 0.0, "percent_statements_covered_display": "0"}, "missing_lines": [235, 237, 239, 242, 243, 245, 246, 248], "excluded_lines": [], "start_line": 233}, "get_cache_stats": {"executed_lines": [], "summary": {"covered_lines": 0, "num_statements": 5, "percent_covered": 0.0, "percent_covered_display": "0", "missing_lines": 5, "excluded_lines": 0, "percent_statements_covered": 0.0, "percent_statements_covered_display": "0"}, "missing_lines": [272, 273, 275, 276, 278], "excluded_lines": [], "start_line": 262}, "ContextTimer.__init__": {"executed_lines": [], "summary": {"covered_lines": 0, "num_statements": 5, "percent_covered": 0.0, "percent_covered_display": "0", "missing_lines": 5, "excluded_lines": 0, "percent_statements_covered": 0.0, "percent_statements_covered_display": "0"}, "missing_lines": [297, 298, 299, 300, 301], "excluded_lines": [], "start_line": 289}, "ContextTimer.__enter__": {"executed_lines": [], "summary": {"covered_lines": 0, "num_statements": 2, "percent_covered": 0.0, "percent_covered_display": "0", "missing_lines": 2, "excluded_lines": 0, "percent_statements_covered": 0.0, "percent_statements_covered_display": "0"}, "missing_lines": [304, 305], "excluded_lines": [], "start_line": 303}, "ContextTimer.__exit__": {"executed_lines": [], "summary": {"covered_lines": 0, "num_statements": 12, "percent_covered": 0.0, "percent_covered_display": "0", "missing_lines": 12, "excluded_lines": 0, "percent_statements_covered": 0.0, "percent_statements_covered_display": "0"}, "missing_lines": [308, 309, 311, 312, 314, 315, 316, 318, 326, 329, 330, 332], "excluded_lines": [], "start_line": 307}, "example_function": {"executed_lines": [], "summary": {"covered_lines": 0, "num_statements": 2, "percent_covered": 0.0, "percent_covered_display": "0", "missing_lines": 2, "excluded_lines": 0, "percent_statements_covered": 0.0, "percent_statements_covered_display": "0"}, "missing_lines": [343, 344], "excluded_lines": [], "start_line": 341}, "cached_function": {"executed_lines": [], "summary": {"covered_lines": 0, "num_statements": 2, "percent_covered": 0.0, "percent_covered_display": "0", "missing_lines": 2, "excluded_lines": 0, "percent_statements_covered": 0.0, "percent_statements_covered_display": "0"}, "missing_lines": [349, 350], "excluded_lines": [], "start_line": 347}, "": {"executed_lines": [], "summary": {"covered_lines": 0, "num_statements": 47, "percent_covered": 0.0, "percent_covered_display": "0", "missing_lines": 47, "excluded_lines": 0, "percent_statements_covered": 0.0, "percent_statements_covered_display": "0"}, "missing_lines": [14, 15, 16, 17, 18, 19, 20, 21, 23, 26, 27, 30, 31, 32, 33, 34, 35, 38, 41, 45, 106, 140, 149, 172, 187, 192, 199, 203, 214, 262, 286, 289, 303, 307, 336, 338, 340, 341, 346, 347, 353, 354, 357, 358, 361, 364, 365], "excluded_lines": [], "start_line": 1}}, "classes": {"PerformanceMetric": {"executed_lines": [], "summary": {"covered_lines": 0, "num_statements": 0, "percent_covered": 100.0, "percent_covered_display": "100", "missing_lines": 0, "excluded_lines": 0, "percent_statements_covered": 100.0, "percent_statements_covered_display": "100"}, "missing_lines": [], "excluded_lines": [], "start_line": 27}, "PerformanceMonitor": {"executed_lines": [], "summary": {"covered_lines": 0, "num_statements": 62, "percent_covered": 0.0, "percent_covered_display": "0", "missing_lines": 62, "excluded_lines": 0, "percent_statements_covered": 0.0, "percent_statements_covered_display": "0"}, "missing_lines": [42, 43, 55, 65, 66, 67, 68, 70, 71, 73, 74, 75, 76, 77, 78, 79, 80, 81, 83, 84, 86, 94, 97, 98, 100, 102, 104, 116, 117, 119, 121, 122, 124, 125, 127, 147, 151, 153, 154, 155, 157, 158, 159, 161, 162, 163, 164, 165, 166, 167, 168, 170, 179, 180, 181, 182, 184, 185, 189, 190, 194, 195], "excluded_lines": [], "start_line": 38}, "ContextTimer": {"executed_lines": [], "summary": {"covered_lines": 0, "num_statements": 19, "percent_covered": 0.0, "percent_covered_display": "0", "missing_lines": 19, "excluded_lines": 0, "percent_statements_covered": 0.0, "percent_statements_covered_display": "0"}, "missing_lines": [297, 298, 299, 300, 301, 304, 305, 308, 309, 311, 312, 314, 315, 316, 318, 326, 329, 330, 332], "excluded_lines": [], "start_line": 286}, "": {"executed_lines": [], "summary": {"covered_lines": 0, "num_statements": 75, "percent_covered": 0.0, "percent_covered_display": "0", "missing_lines": 75, "excluded_lines": 0, "percent_statements_covered": 0.0, "percent_statements_covered_display": "0"}, "missing_lines": [14, 15, 16, 17, 18, 19, 20, 21, 23, 26, 27, 30, 31, 32, 33, 34, 35, 38, 41, 45, 106, 140, 149, 172, 187, 192, 199, 203, 210, 214, 225, 227, 230, 232, 233, 235, 237, 239, 242, 243, 245, 246, 248, 251, 252, 255, 257, 259, 262, 272, 273, 275, 276, 278, 286, 289, 303, 307, 336, 338, 340, 341, 343, 344, 346, 347, 349, 350, 353, 354, 357, 358, 361, 364, 365], "excluded_lines": [], "start_line": 1}}}, "lingflow/workflow/__init__.py": {"executed_lines": [3, 5], "summary": {"covered_lines": 2, "num_statements": 2, "percent_covered": 100.0, "percent_covered_display": "100", "missing_lines": 0, "excluded_lines": 0, "percent_statements_covered": 100.0, "percent_statements_covered_display": "100"}, "missing_lines": [], "excluded_lines": [], "functions": {"": {"executed_lines": [3, 5], "summary": {"covered_lines": 2, "num_statements": 2, "percent_covered": 100.0, "percent_covered_display": "100", "missing_lines": 0, "excluded_lines": 0, "percent_statements_covered": 100.0, "percent_statements_covered_display": "100"}, "missing_lines": [], "excluded_lines": [], "start_line": 1}}, "classes": {"": {"executed_lines": [3, 5], "summary": {"covered_lines": 2, "num_statements": 2, "percent_covered": 100.0, "percent_covered_display": "100", "missing_lines": 0, "excluded_lines": 0, "percent_statements_covered": 100.0, "percent_statements_covered_display": "100"}, "missing_lines": [], "excluded_lines": [], "start_line": 1}}}, "lingflow/workflow/orchestrator.py": {"executed_lines": [3, 4, 5, 7, 8, 9, 12, 13, 14, 16, 19, 27, 35, 121, 154], "summary": {"covered_lines": 15, "num_statements": 72, "percent_covered": 20.833333333333332, "percent_covered_display": "21", "missing_lines": 57, "excluded_lines": 0, "percent_statements_covered": 20.833333333333332, "percent_statements_covered_display": "21"}, "missing_lines": [33, 54, 55, 56, 58, 61, 64, 65, 68, 69, 70, 71, 72, 73, 78, 79, 83, 85, 87, 88, 89, 91, 94, 95, 98, 99, 100, 101, 104, 107, 108, 109, 114, 119, 131, 133, 135, 139, 142, 146, 147, 150, 152, 174, 176, 178, 181, 182, 183, 186, 187, 190, 191, 193, 194, 195, 196], "excluded_lines": [], "functions": {"WorkflowOrchestrator.__init__": {"executed_lines": [], "summary": {"covered_lines": 0, "num_statements": 1, "percent_covered": 0.0, "percent_covered_display": "0", "missing_lines": 1, "excluded_lines": 0, "percent_statements_covered": 0.0, "percent_statements_covered_display": "0"}, "missing_lines": [33], "excluded_lines": [], "start_line": 27}, "WorkflowOrchestrator.execute_workflow": {"executed_lines": [], "summary": {"covered_lines": 0, "num_statements": 33, "percent_covered": 0.0, "percent_covered_display": "0", "missing_lines": 33, "excluded_lines": 0, "percent_statements_covered": 0.0, "percent_statements_covered_display": "0"}, "missing_lines": [54, 55, 56, 58, 61, 64, 65, 68, 69, 70, 71, 72, 73, 78, 79, 83, 85, 87, 88, 89, 91, 94, 95, 98, 99, 100, 101, 104, 107, 108, 109, 114, 119], "excluded_lines": [], "start_line": 35}, "WorkflowOrchestrator._get_ready_tasks": {"executed_lines": [], "summary": {"covered_lines": 0, "num_statements": 9, "percent_covered": 0.0, "percent_covered_display": "0", "missing_lines": 9, "excluded_lines": 0, "percent_statements_covered": 0.0, "percent_statements_covered_display": "0"}, "missing_lines": [131, 133, 135, 139, 142, 146, 147, 150, 152], "excluded_lines": [], "start_line": 121}, "WorkflowOrchestrator.execute": {"executed_lines": [], "summary": {"covered_lines": 0, "num_statements": 14, "percent_covered": 0.0, "percent_covered_display": "0", "missing_lines": 14, "excluded_lines": 0, "percent_statements_covered": 0.0, "percent_statements_covered_display": "0"}, "missing_lines": [174, 176, 178, 181, 182, 183, 186, 187, 190, 191, 193, 194, 195, 196], "excluded_lines": [], "start_line": 154}, "": {"executed_lines": [3, 4, 5, 7, 8, 9, 12, 13, 14, 16, 19, 27, 35, 121, 154], "summary": {"covered_lines": 15, "num_statements": 15, "percent_covered": 100.0, "percent_covered_display": "100", "missing_lines": 0, "excluded_lines": 0, "percent_statements_covered": 100.0, "percent_statements_covered_display": "100"}, "missing_lines": [], "excluded_lines": [], "start_line": 1}}, "classes": {"WorkflowOrchestrator": {"executed_lines": [], "summary": {"covered_lines": 0, "num_statements": 57, "percent_covered": 0.0, "percent_covered_display": "0", "missing_lines": 57, "excluded_lines": 0, "percent_statements_covered": 0.0, "percent_statements_covered_display": "0"}, "missing_lines": [33, 54, 55, 56, 58, 61, 64, 65, 68, 69, 70, 71, 72, 73, 78, 79, 83, 85, 87, 88, 89, 91, 94, 95, 98, 99, 100, 101, 104, 107, 108, 109, 114, 119, 131, 133, 135, 139, 142, 146, 147, 150, 152, 174, 176, 178, 181, 182, 183, 186, 187, 190, 191, 193, 194, 195, 196], "excluded_lines": [], "start_line": 19}, "": {"executed_lines": [3, 4, 5, 7, 8, 9, 12, 13, 14, 16, 19, 27, 35, 121, 154], "summary": {"covered_lines": 15, "num_statements": 15, "percent_covered": 100.0, "percent_covered_display": "100", "missing_lines": 0, "excluded_lines": 0, "percent_statements_covered": 100.0, "percent_statements_covered_display": "100"}, "missing_lines": [], "excluded_lines": [], "start_line": 1}}}}, "totals": {"covered_lines": 1355, "num_statements": 3281, "percent_covered": 41.298384638829624, "percent_covered_display": "41", "missing_lines": 1926, "excluded_lines": 8, "percent_statements_covered": 41.298384638829624, "percent_statements_covered_display": "41"}}